ERROR - 2022-04-06 22:01:05 --> Error connecting to the database: Unknown database 'posrabu'
CRITICAL - 2022-04-06 22:01:05 --> Unable to connect to the database.
Main connection [MySQLi]: Unknown database 'posrabu'
#0 C:\xampp2\htdocs\PertemuanCI\codeigniter4-CodeIgniter4-70d881c\system\Database\BaseConnection.php(577): CodeIgniter\Database\BaseConnection->initialize()
#1 C:\xampp2\htdocs\PertemuanCI\codeigniter4-CodeIgniter4-70d881c\system\Database\BaseBuilder.php(1455): CodeIgniter\Database\BaseConnection->query('SELECT *\nFROM `...', Array, false)
#2 C:\xampp2\htdocs\PertemuanCI\codeigniter4-CodeIgniter4-70d881c\system\Model.php(183): CodeIgniter\Database\BaseBuilder->get()
#3 C:\xampp2\htdocs\PertemuanCI\codeigniter4-CodeIgniter4-70d881c\system\BaseModel.php(584): CodeIgniter\Model->doFindAll(0, 0)
#4 C:\xampp2\htdocs\PertemuanCI\codeigniter4-CodeIgniter4-70d881c\app\Controllers\ProductController.php(20): CodeIgniter\BaseModel->findAll()
#5 C:\xampp2\htdocs\PertemuanCI\codeigniter4-CodeIgniter4-70d881c\system\CodeIgniter.php(825): App\Controllers\ProductController->index()
#6 C:\xampp2\htdocs\PertemuanCI\codeigniter4-CodeIgniter4-70d881c\system\CodeIgniter.php(412): CodeIgniter\CodeIgniter->runController(Object(App\Controllers\ProductController))
#7 C:\xampp2\htdocs\PertemuanCI\codeigniter4-CodeIgniter4-70d881c\system\CodeIgniter.php(320): CodeIgniter\CodeIgniter->handleRequest(NULL, Object(Config\Cache), false)
#8 C:\xampp2\htdocs\PertemuanCI\codeigniter4-CodeIgniter4-70d881c\public\index.php(37): CodeIgniter\CodeIgniter->run()
#9 C:\xampp2\htdocs\PertemuanCI\codeigniter4-CodeIgniter4-70d881c\system\Commands\Server\rewrite.php(43): require_once('C:\\xampp2\\htdoc...')
#10 {main}
ERROR - 2022-04-06 22:01:33 --> Error connecting to the database: Unknown database 'posrabu'
CRITICAL - 2022-04-06 22:01:33 --> Unable to connect to the database.
Main connection [MySQLi]: Unknown database 'posrabu'
#0 C:\xampp2\htdocs\PertemuanCI\codeigniter4-CodeIgniter4-70d881c\system\Database\BaseConnection.php(577): CodeIgniter\Database\BaseConnection->initialize()
#1 C:\xampp2\htdocs\PertemuanCI\codeigniter4-CodeIgniter4-70d881c\system\Database\BaseBuilder.php(1455): CodeIgniter\Database\BaseConnection->query('SELECT *\nFROM `...', Array, false)
#2 C:\xampp2\htdocs\PertemuanCI\codeigniter4-CodeIgniter4-70d881c\system\Model.php(183): CodeIgniter\Database\BaseBuilder->get()
#3 C:\xampp2\htdocs\PertemuanCI\codeigniter4-CodeIgniter4-70d881c\system\BaseModel.php(584): CodeIgniter\Model->doFindAll(0, 0)
#4 C:\xampp2\htdocs\PertemuanCI\codeigniter4-CodeIgniter4-70d881c\app\Controllers\ProductController.php(20): CodeIgniter\BaseModel->findAll()
#5 C:\xampp2\htdocs\PertemuanCI\codeigniter4-CodeIgniter4-70d881c\system\CodeIgniter.php(825): App\Controllers\ProductController->index()
#6 C:\xampp2\htdocs\PertemuanCI\codeigniter4-CodeIgniter4-70d881c\system\CodeIgniter.php(412): CodeIgniter\CodeIgniter->runController(Object(App\Controllers\ProductController))
#7 C:\xampp2\htdocs\PertemuanCI\codeigniter4-CodeIgniter4-70d881c\system\CodeIgniter.php(320): CodeIgniter\CodeIgniter->handleRequest(NULL, Object(Config\Cache), false)
#8 C:\xampp2\htdocs\PertemuanCI\codeigniter4-CodeIgniter4-70d881c\public\index.php(37): CodeIgniter\CodeIgniter->run()
#9 C:\xampp2\htdocs\PertemuanCI\codeigniter4-CodeIgniter4-70d881c\system\Commands\Server\rewrite.php(43): require_once('C:\\xampp2\\htdoc...')
#10 {main}
