CRITICAL - 2022-03-24 03:46:57 --> Undefined array key "id_products"
#0 C:\xampp\htdocs\PertemuanCI\codeigniter4-CodeIgniter4-70d881c\app\Views\product\index.php(27): CodeIgniter\Debug\Exceptions->errorHandler(2, 'Undefined array...', 'C:\\xampp\\htdocs...', 27)
#1 C:\xampp\htdocs\PertemuanCI\codeigniter4-CodeIgniter4-70d881c\system\View\View.php(210): include('C:\\xampp\\htdocs...')
#2 C:\xampp\htdocs\PertemuanCI\codeigniter4-CodeIgniter4-70d881c\system\View\View.php(213): CodeIgniter\View\View->CodeIgniter\View\{closure}()
#3 C:\xampp\htdocs\PertemuanCI\codeigniter4-CodeIgniter4-70d881c\system\Common.php(1089): CodeIgniter\View\View->render('product/index', Array, true)
#4 C:\xampp\htdocs\PertemuanCI\codeigniter4-CodeIgniter4-70d881c\app\Controllers\ProductController.php(20): view('product/index', Array)
#5 C:\xampp\htdocs\PertemuanCI\codeigniter4-CodeIgniter4-70d881c\system\CodeIgniter.php(825): App\Controllers\ProductController->index()
#6 C:\xampp\htdocs\PertemuanCI\codeigniter4-CodeIgniter4-70d881c\system\CodeIgniter.php(412): CodeIgniter\CodeIgniter->runController(Object(App\Controllers\ProductController))
#7 C:\xampp\htdocs\PertemuanCI\codeigniter4-CodeIgniter4-70d881c\system\CodeIgniter.php(320): CodeIgniter\CodeIgniter->handleRequest(NULL, Object(Config\Cache), false)
#8 C:\xampp\htdocs\PertemuanCI\codeigniter4-CodeIgniter4-70d881c\public\index.php(37): CodeIgniter\CodeIgniter->run()
#9 C:\xampp\htdocs\PertemuanCI\codeigniter4-CodeIgniter4-70d881c\system\Commands\Server\rewrite.php(43): require_once('C:\\xampp\\htdocs...')
#10 {main}
CRITICAL - 2022-03-24 03:47:59 --> Undefined array key "id_products"
#0 C:\xampp\htdocs\PertemuanCI\codeigniter4-CodeIgniter4-70d881c\app\Views\product\index.php(27): CodeIgniter\Debug\Exceptions->errorHandler(2, 'Undefined array...', 'C:\\xampp\\htdocs...', 27)
#1 C:\xampp\htdocs\PertemuanCI\codeigniter4-CodeIgniter4-70d881c\system\View\View.php(210): include('C:\\xampp\\htdocs...')
#2 C:\xampp\htdocs\PertemuanCI\codeigniter4-CodeIgniter4-70d881c\system\View\View.php(213): CodeIgniter\View\View->CodeIgniter\View\{closure}()
#3 C:\xampp\htdocs\PertemuanCI\codeigniter4-CodeIgniter4-70d881c\system\Common.php(1089): CodeIgniter\View\View->render('product/index', Array, true)
#4 C:\xampp\htdocs\PertemuanCI\codeigniter4-CodeIgniter4-70d881c\app\Controllers\ProductController.php(20): view('product/index', Array)
#5 C:\xampp\htdocs\PertemuanCI\codeigniter4-CodeIgniter4-70d881c\system\CodeIgniter.php(825): App\Controllers\ProductController->index()
#6 C:\xampp\htdocs\PertemuanCI\codeigniter4-CodeIgniter4-70d881c\system\CodeIgniter.php(412): CodeIgniter\CodeIgniter->runController(Object(App\Controllers\ProductController))
#7 C:\xampp\htdocs\PertemuanCI\codeigniter4-CodeIgniter4-70d881c\system\CodeIgniter.php(320): CodeIgniter\CodeIgniter->handleRequest(NULL, Object(Config\Cache), false)
#8 C:\xampp\htdocs\PertemuanCI\codeigniter4-CodeIgniter4-70d881c\public\index.php(37): CodeIgniter\CodeIgniter->run()
#9 C:\xampp\htdocs\PertemuanCI\codeigniter4-CodeIgniter4-70d881c\system\Commands\Server\rewrite.php(43): require_once('C:\\xampp\\htdocs...')
#10 {main}
CRITICAL - 2022-03-24 03:49:00 --> Undefined array key "productPrice"
#0 C:\xampp\htdocs\PertemuanCI\codeigniter4-CodeIgniter4-70d881c\app\Views\product\index.php(30): CodeIgniter\Debug\Exceptions->errorHandler(2, 'Undefined array...', 'C:\\xampp\\htdocs...', 30)
#1 C:\xampp\htdocs\PertemuanCI\codeigniter4-CodeIgniter4-70d881c\system\View\View.php(210): include('C:\\xampp\\htdocs...')
#2 C:\xampp\htdocs\PertemuanCI\codeigniter4-CodeIgniter4-70d881c\system\View\View.php(213): CodeIgniter\View\View->CodeIgniter\View\{closure}()
#3 C:\xampp\htdocs\PertemuanCI\codeigniter4-CodeIgniter4-70d881c\system\Common.php(1089): CodeIgniter\View\View->render('product/index', Array, true)
#4 C:\xampp\htdocs\PertemuanCI\codeigniter4-CodeIgniter4-70d881c\app\Controllers\ProductController.php(20): view('product/index', Array)
#5 C:\xampp\htdocs\PertemuanCI\codeigniter4-CodeIgniter4-70d881c\system\CodeIgniter.php(825): App\Controllers\ProductController->index()
#6 C:\xampp\htdocs\PertemuanCI\codeigniter4-CodeIgniter4-70d881c\system\CodeIgniter.php(412): CodeIgniter\CodeIgniter->runController(Object(App\Controllers\ProductController))
#7 C:\xampp\htdocs\PertemuanCI\codeigniter4-CodeIgniter4-70d881c\system\CodeIgniter.php(320): CodeIgniter\CodeIgniter->handleRequest(NULL, Object(Config\Cache), false)
#8 C:\xampp\htdocs\PertemuanCI\codeigniter4-CodeIgniter4-70d881c\public\index.php(37): CodeIgniter\CodeIgniter->run()
#9 C:\xampp\htdocs\PertemuanCI\codeigniter4-CodeIgniter4-70d881c\system\Commands\Server\rewrite.php(43): require_once('C:\\xampp\\htdocs...')
#10 {main}
CRITICAL - 2022-03-24 03:50:25 --> Invalid file: layout/layout.php
#0 C:\xampp\htdocs\PertemuanCI\codeigniter4-CodeIgniter4-70d881c\system\View\View.php(198): CodeIgniter\Exceptions\FrameworkException::forInvalidFile('layout/layout.p...')
#1 C:\xampp\htdocs\PertemuanCI\codeigniter4-CodeIgniter4-70d881c\system\View\View.php(226): CodeIgniter\View\View->render('layout/layout', Array, true)
#2 C:\xampp\htdocs\PertemuanCI\codeigniter4-CodeIgniter4-70d881c\system\Common.php(1089): CodeIgniter\View\View->render('product/index', Array, true)
#3 C:\xampp\htdocs\PertemuanCI\codeigniter4-CodeIgniter4-70d881c\app\Controllers\ProductController.php(20): view('product/index', Array)
#4 C:\xampp\htdocs\PertemuanCI\codeigniter4-CodeIgniter4-70d881c\system\CodeIgniter.php(825): App\Controllers\ProductController->index()
#5 C:\xampp\htdocs\PertemuanCI\codeigniter4-CodeIgniter4-70d881c\system\CodeIgniter.php(412): CodeIgniter\CodeIgniter->runController(Object(App\Controllers\ProductController))
#6 C:\xampp\htdocs\PertemuanCI\codeigniter4-CodeIgniter4-70d881c\system\CodeIgniter.php(320): CodeIgniter\CodeIgniter->handleRequest(NULL, Object(Config\Cache), false)
#7 C:\xampp\htdocs\PertemuanCI\codeigniter4-CodeIgniter4-70d881c\public\index.php(37): CodeIgniter\CodeIgniter->run()
#8 C:\xampp\htdocs\PertemuanCI\codeigniter4-CodeIgniter4-70d881c\system\Commands\Server\rewrite.php(43): require_once('C:\\xampp\\htdocs...')
#9 {main}
CRITICAL - 2022-03-24 03:53:06 --> Invalid file: layout/layout.php
#0 C:\xampp\htdocs\PertemuanCI\codeigniter4-CodeIgniter4-70d881c\system\View\View.php(198): CodeIgniter\Exceptions\FrameworkException::forInvalidFile('layout/layout.p...')
#1 C:\xampp\htdocs\PertemuanCI\codeigniter4-CodeIgniter4-70d881c\system\View\View.php(226): CodeIgniter\View\View->render('layout/layout', Array, true)
#2 C:\xampp\htdocs\PertemuanCI\codeigniter4-CodeIgniter4-70d881c\system\Common.php(1089): CodeIgniter\View\View->render('product/index', Array, true)
#3 C:\xampp\htdocs\PertemuanCI\codeigniter4-CodeIgniter4-70d881c\app\Controllers\ProductController.php(20): view('product/index', Array)
#4 C:\xampp\htdocs\PertemuanCI\codeigniter4-CodeIgniter4-70d881c\system\CodeIgniter.php(825): App\Controllers\ProductController->index()
#5 C:\xampp\htdocs\PertemuanCI\codeigniter4-CodeIgniter4-70d881c\system\CodeIgniter.php(412): CodeIgniter\CodeIgniter->runController(Object(App\Controllers\ProductController))
#6 C:\xampp\htdocs\PertemuanCI\codeigniter4-CodeIgniter4-70d881c\system\CodeIgniter.php(320): CodeIgniter\CodeIgniter->handleRequest(NULL, Object(Config\Cache), false)
#7 C:\xampp\htdocs\PertemuanCI\codeigniter4-CodeIgniter4-70d881c\public\index.php(37): CodeIgniter\CodeIgniter->run()
#8 C:\xampp\htdocs\PertemuanCI\codeigniter4-CodeIgniter4-70d881c\system\Commands\Server\rewrite.php(43): require_once('C:\\xampp\\htdocs...')
#9 {main}
CRITICAL - 2022-03-24 04:09:38 --> Attempt to read property "productName" on array
#0 C:\xampp\htdocs\PertemuanCI\codeigniter4-CodeIgniter4-70d881c\app\Views\product\index.php(28): CodeIgniter\Debug\Exceptions->errorHandler(2, 'Attempt to read...', 'C:\\xampp\\htdocs...', 28)
#1 C:\xampp\htdocs\PertemuanCI\codeigniter4-CodeIgniter4-70d881c\system\View\View.php(210): include('C:\\xampp\\htdocs...')
#2 C:\xampp\htdocs\PertemuanCI\codeigniter4-CodeIgniter4-70d881c\system\View\View.php(213): CodeIgniter\View\View->CodeIgniter\View\{closure}()
#3 C:\xampp\htdocs\PertemuanCI\codeigniter4-CodeIgniter4-70d881c\system\Common.php(1089): CodeIgniter\View\View->render('product/index', Array, true)
#4 C:\xampp\htdocs\PertemuanCI\codeigniter4-CodeIgniter4-70d881c\app\Controllers\ProductController.php(20): view('product/index', Array)
#5 C:\xampp\htdocs\PertemuanCI\codeigniter4-CodeIgniter4-70d881c\system\CodeIgniter.php(825): App\Controllers\ProductController->index()
#6 C:\xampp\htdocs\PertemuanCI\codeigniter4-CodeIgniter4-70d881c\system\CodeIgniter.php(412): CodeIgniter\CodeIgniter->runController(Object(App\Controllers\ProductController))
#7 C:\xampp\htdocs\PertemuanCI\codeigniter4-CodeIgniter4-70d881c\system\CodeIgniter.php(320): CodeIgniter\CodeIgniter->handleRequest(NULL, Object(Config\Cache), false)
#8 C:\xampp\htdocs\PertemuanCI\codeigniter4-CodeIgniter4-70d881c\public\index.php(37): CodeIgniter\CodeIgniter->run()
#9 C:\xampp\htdocs\PertemuanCI\codeigniter4-CodeIgniter4-70d881c\system\Commands\Server\rewrite.php(43): require_once('C:\\xampp\\htdocs...')
#10 {main}
CRITICAL - 2022-03-24 04:09:39 --> Attempt to read property "productName" on array
#0 C:\xampp\htdocs\PertemuanCI\codeigniter4-CodeIgniter4-70d881c\app\Views\product\index.php(28): CodeIgniter\Debug\Exceptions->errorHandler(2, 'Attempt to read...', 'C:\\xampp\\htdocs...', 28)
#1 C:\xampp\htdocs\PertemuanCI\codeigniter4-CodeIgniter4-70d881c\system\View\View.php(210): include('C:\\xampp\\htdocs...')
#2 C:\xampp\htdocs\PertemuanCI\codeigniter4-CodeIgniter4-70d881c\system\View\View.php(213): CodeIgniter\View\View->CodeIgniter\View\{closure}()
#3 C:\xampp\htdocs\PertemuanCI\codeigniter4-CodeIgniter4-70d881c\system\Common.php(1089): CodeIgniter\View\View->render('product/index', Array, true)
#4 C:\xampp\htdocs\PertemuanCI\codeigniter4-CodeIgniter4-70d881c\app\Controllers\ProductController.php(20): view('product/index', Array)
#5 C:\xampp\htdocs\PertemuanCI\codeigniter4-CodeIgniter4-70d881c\system\CodeIgniter.php(825): App\Controllers\ProductController->index()
#6 C:\xampp\htdocs\PertemuanCI\codeigniter4-CodeIgniter4-70d881c\system\CodeIgniter.php(412): CodeIgniter\CodeIgniter->runController(Object(App\Controllers\ProductController))
#7 C:\xampp\htdocs\PertemuanCI\codeigniter4-CodeIgniter4-70d881c\system\CodeIgniter.php(320): CodeIgniter\CodeIgniter->handleRequest(NULL, Object(Config\Cache), false)
#8 C:\xampp\htdocs\PertemuanCI\codeigniter4-CodeIgniter4-70d881c\public\index.php(37): CodeIgniter\CodeIgniter->run()
#9 C:\xampp\htdocs\PertemuanCI\codeigniter4-CodeIgniter4-70d881c\system\Commands\Server\rewrite.php(43): require_once('C:\\xampp\\htdocs...')
#10 {main}
CRITICAL - 2022-03-24 04:11:25 --> Attempt to read property "productName" on array
#0 C:\xampp\htdocs\PertemuanCI\codeigniter4-CodeIgniter4-70d881c\app\Views\product\index.php(28): CodeIgniter\Debug\Exceptions->errorHandler(2, 'Attempt to read...', 'C:\\xampp\\htdocs...', 28)
#1 C:\xampp\htdocs\PertemuanCI\codeigniter4-CodeIgniter4-70d881c\system\View\View.php(210): include('C:\\xampp\\htdocs...')
#2 C:\xampp\htdocs\PertemuanCI\codeigniter4-CodeIgniter4-70d881c\system\View\View.php(213): CodeIgniter\View\View->CodeIgniter\View\{closure}()
#3 C:\xampp\htdocs\PertemuanCI\codeigniter4-CodeIgniter4-70d881c\system\Common.php(1089): CodeIgniter\View\View->render('product/index', Array, true)
#4 C:\xampp\htdocs\PertemuanCI\codeigniter4-CodeIgniter4-70d881c\app\Controllers\ProductController.php(20): view('product/index', Array)
#5 C:\xampp\htdocs\PertemuanCI\codeigniter4-CodeIgniter4-70d881c\system\CodeIgniter.php(825): App\Controllers\ProductController->index()
#6 C:\xampp\htdocs\PertemuanCI\codeigniter4-CodeIgniter4-70d881c\system\CodeIgniter.php(412): CodeIgniter\CodeIgniter->runController(Object(App\Controllers\ProductController))
#7 C:\xampp\htdocs\PertemuanCI\codeigniter4-CodeIgniter4-70d881c\system\CodeIgniter.php(320): CodeIgniter\CodeIgniter->handleRequest(NULL, Object(Config\Cache), false)
#8 C:\xampp\htdocs\PertemuanCI\codeigniter4-CodeIgniter4-70d881c\public\index.php(37): CodeIgniter\CodeIgniter->run()
#9 C:\xampp\htdocs\PertemuanCI\codeigniter4-CodeIgniter4-70d881c\system\Commands\Server\rewrite.php(43): require_once('C:\\xampp\\htdocs...')
#10 {main}
CRITICAL - 2022-03-24 04:11:27 --> Attempt to read property "productName" on array
#0 C:\xampp\htdocs\PertemuanCI\codeigniter4-CodeIgniter4-70d881c\app\Views\product\index.php(28): CodeIgniter\Debug\Exceptions->errorHandler(2, 'Attempt to read...', 'C:\\xampp\\htdocs...', 28)
#1 C:\xampp\htdocs\PertemuanCI\codeigniter4-CodeIgniter4-70d881c\system\View\View.php(210): include('C:\\xampp\\htdocs...')
#2 C:\xampp\htdocs\PertemuanCI\codeigniter4-CodeIgniter4-70d881c\system\View\View.php(213): CodeIgniter\View\View->CodeIgniter\View\{closure}()
#3 C:\xampp\htdocs\PertemuanCI\codeigniter4-CodeIgniter4-70d881c\system\Common.php(1089): CodeIgniter\View\View->render('product/index', Array, true)
#4 C:\xampp\htdocs\PertemuanCI\codeigniter4-CodeIgniter4-70d881c\app\Controllers\ProductController.php(20): view('product/index', Array)
#5 C:\xampp\htdocs\PertemuanCI\codeigniter4-CodeIgniter4-70d881c\system\CodeIgniter.php(825): App\Controllers\ProductController->index()
#6 C:\xampp\htdocs\PertemuanCI\codeigniter4-CodeIgniter4-70d881c\system\CodeIgniter.php(412): CodeIgniter\CodeIgniter->runController(Object(App\Controllers\ProductController))
#7 C:\xampp\htdocs\PertemuanCI\codeigniter4-CodeIgniter4-70d881c\system\CodeIgniter.php(320): CodeIgniter\CodeIgniter->handleRequest(NULL, Object(Config\Cache), false)
#8 C:\xampp\htdocs\PertemuanCI\codeigniter4-CodeIgniter4-70d881c\public\index.php(37): CodeIgniter\CodeIgniter->run()
#9 C:\xampp\htdocs\PertemuanCI\codeigniter4-CodeIgniter4-70d881c\system\Commands\Server\rewrite.php(43): require_once('C:\\xampp\\htdocs...')
#10 {main}
CRITICAL - 2022-03-24 04:13:58 --> Attempt to read property "productName" on array
#0 C:\xampp\htdocs\PertemuanCI\codeigniter4-CodeIgniter4-70d881c\app\Views\product\index.php(28): CodeIgniter\Debug\Exceptions->errorHandler(2, 'Attempt to read...', 'C:\\xampp\\htdocs...', 28)
#1 C:\xampp\htdocs\PertemuanCI\codeigniter4-CodeIgniter4-70d881c\system\View\View.php(210): include('C:\\xampp\\htdocs...')
#2 C:\xampp\htdocs\PertemuanCI\codeigniter4-CodeIgniter4-70d881c\system\View\View.php(213): CodeIgniter\View\View->CodeIgniter\View\{closure}()
#3 C:\xampp\htdocs\PertemuanCI\codeigniter4-CodeIgniter4-70d881c\system\Common.php(1089): CodeIgniter\View\View->render('product/index', Array, true)
#4 C:\xampp\htdocs\PertemuanCI\codeigniter4-CodeIgniter4-70d881c\app\Controllers\ProductController.php(20): view('product/index', Array)
#5 C:\xampp\htdocs\PertemuanCI\codeigniter4-CodeIgniter4-70d881c\system\CodeIgniter.php(825): App\Controllers\ProductController->index()
#6 C:\xampp\htdocs\PertemuanCI\codeigniter4-CodeIgniter4-70d881c\system\CodeIgniter.php(412): CodeIgniter\CodeIgniter->runController(Object(App\Controllers\ProductController))
#7 C:\xampp\htdocs\PertemuanCI\codeigniter4-CodeIgniter4-70d881c\system\CodeIgniter.php(320): CodeIgniter\CodeIgniter->handleRequest(NULL, Object(Config\Cache), false)
#8 C:\xampp\htdocs\PertemuanCI\codeigniter4-CodeIgniter4-70d881c\public\index.php(37): CodeIgniter\CodeIgniter->run()
#9 C:\xampp\htdocs\PertemuanCI\codeigniter4-CodeIgniter4-70d881c\system\Commands\Server\rewrite.php(43): require_once('C:\\xampp\\htdocs...')
#10 {main}
CRITICAL - 2022-03-24 04:14:25 --> Attempt to read property "productName" on array
#0 C:\xampp\htdocs\PertemuanCI\codeigniter4-CodeIgniter4-70d881c\app\Views\product\index.php(28): CodeIgniter\Debug\Exceptions->errorHandler(2, 'Attempt to read...', 'C:\\xampp\\htdocs...', 28)
#1 C:\xampp\htdocs\PertemuanCI\codeigniter4-CodeIgniter4-70d881c\system\View\View.php(210): include('C:\\xampp\\htdocs...')
#2 C:\xampp\htdocs\PertemuanCI\codeigniter4-CodeIgniter4-70d881c\system\View\View.php(213): CodeIgniter\View\View->CodeIgniter\View\{closure}()
#3 C:\xampp\htdocs\PertemuanCI\codeigniter4-CodeIgniter4-70d881c\system\Common.php(1089): CodeIgniter\View\View->render('product/index', Array, true)
#4 C:\xampp\htdocs\PertemuanCI\codeigniter4-CodeIgniter4-70d881c\app\Controllers\ProductController.php(20): view('product/index', Array)
#5 C:\xampp\htdocs\PertemuanCI\codeigniter4-CodeIgniter4-70d881c\system\CodeIgniter.php(825): App\Controllers\ProductController->index()
#6 C:\xampp\htdocs\PertemuanCI\codeigniter4-CodeIgniter4-70d881c\system\CodeIgniter.php(412): CodeIgniter\CodeIgniter->runController(Object(App\Controllers\ProductController))
#7 C:\xampp\htdocs\PertemuanCI\codeigniter4-CodeIgniter4-70d881c\system\CodeIgniter.php(320): CodeIgniter\CodeIgniter->handleRequest(NULL, Object(Config\Cache), false)
#8 C:\xampp\htdocs\PertemuanCI\codeigniter4-CodeIgniter4-70d881c\public\index.php(37): CodeIgniter\CodeIgniter->run()
#9 C:\xampp\htdocs\PertemuanCI\codeigniter4-CodeIgniter4-70d881c\system\Commands\Server\rewrite.php(43): require_once('C:\\xampp\\htdocs...')
#10 {main}
CRITICAL - 2022-03-24 04:19:22 --> Undefined property: stdClass::$productStock
#0 C:\xampp\htdocs\PertemuanCI\codeigniter4-CodeIgniter4-70d881c\app\Views\product\index.php(31): CodeIgniter\Debug\Exceptions->errorHandler(2, 'Undefined prope...', 'C:\\xampp\\htdocs...', 31)
#1 C:\xampp\htdocs\PertemuanCI\codeigniter4-CodeIgniter4-70d881c\system\View\View.php(210): include('C:\\xampp\\htdocs...')
#2 C:\xampp\htdocs\PertemuanCI\codeigniter4-CodeIgniter4-70d881c\system\View\View.php(213): CodeIgniter\View\View->CodeIgniter\View\{closure}()
#3 C:\xampp\htdocs\PertemuanCI\codeigniter4-CodeIgniter4-70d881c\system\Common.php(1089): CodeIgniter\View\View->render('product/index', Array, true)
#4 C:\xampp\htdocs\PertemuanCI\codeigniter4-CodeIgniter4-70d881c\app\Controllers\ProductController.php(21): view('product/index', Array)
#5 C:\xampp\htdocs\PertemuanCI\codeigniter4-CodeIgniter4-70d881c\system\CodeIgniter.php(825): App\Controllers\ProductController->index()
#6 C:\xampp\htdocs\PertemuanCI\codeigniter4-CodeIgniter4-70d881c\system\CodeIgniter.php(412): CodeIgniter\CodeIgniter->runController(Object(App\Controllers\ProductController))
#7 C:\xampp\htdocs\PertemuanCI\codeigniter4-CodeIgniter4-70d881c\system\CodeIgniter.php(320): CodeIgniter\CodeIgniter->handleRequest(NULL, Object(Config\Cache), false)
#8 C:\xampp\htdocs\PertemuanCI\codeigniter4-CodeIgniter4-70d881c\public\index.php(37): CodeIgniter\CodeIgniter->run()
#9 C:\xampp\htdocs\PertemuanCI\codeigniter4-CodeIgniter4-70d881c\system\Commands\Server\rewrite.php(43): require_once('C:\\xampp\\htdocs...')
#10 {main}
CRITICAL - 2022-03-24 04:30:27 --> Invalid file: layout/layout.php
#0 C:\xampp\htdocs\PertemuanCI\codeigniter4-CodeIgniter4-70d881c\system\View\View.php(198): CodeIgniter\Exceptions\FrameworkException::forInvalidFile('layout/layout.p...')
#1 C:\xampp\htdocs\PertemuanCI\codeigniter4-CodeIgniter4-70d881c\system\View\View.php(226): CodeIgniter\View\View->render('layout/layout', Array, true)
#2 C:\xampp\htdocs\PertemuanCI\codeigniter4-CodeIgniter4-70d881c\system\Common.php(1089): CodeIgniter\View\View->render('product/index', Array, true)
#3 C:\xampp\htdocs\PertemuanCI\codeigniter4-CodeIgniter4-70d881c\app\Controllers\ProductController.php(21): view('product/index', Array)
#4 C:\xampp\htdocs\PertemuanCI\codeigniter4-CodeIgniter4-70d881c\system\CodeIgniter.php(825): App\Controllers\ProductController->index()
#5 C:\xampp\htdocs\PertemuanCI\codeigniter4-CodeIgniter4-70d881c\system\CodeIgniter.php(412): CodeIgniter\CodeIgniter->runController(Object(App\Controllers\ProductController))
#6 C:\xampp\htdocs\PertemuanCI\codeigniter4-CodeIgniter4-70d881c\system\CodeIgniter.php(320): CodeIgniter\CodeIgniter->handleRequest(NULL, Object(Config\Cache), false)
#7 C:\xampp\htdocs\PertemuanCI\codeigniter4-CodeIgniter4-70d881c\public\index.php(37): CodeIgniter\CodeIgniter->run()
#8 C:\xampp\htdocs\PertemuanCI\codeigniter4-CodeIgniter4-70d881c\system\Commands\Server\rewrite.php(43): require_once('C:\\xampp\\htdocs...')
#9 {main}
CRITICAL - 2022-03-24 06:03:59 --> Invalid file: layout/layout.php
#0 C:\xampp\htdocs\PertemuanCI\codeigniter4-CodeIgniter4-70d881c\system\View\View.php(198): CodeIgniter\Exceptions\FrameworkException::forInvalidFile('layout/layout.p...')
#1 C:\xampp\htdocs\PertemuanCI\codeigniter4-CodeIgniter4-70d881c\system\View\View.php(226): CodeIgniter\View\View->render('layout/layout', Array, true)
#2 C:\xampp\htdocs\PertemuanCI\codeigniter4-CodeIgniter4-70d881c\system\Common.php(1089): CodeIgniter\View\View->render('product/index', Array, true)
#3 C:\xampp\htdocs\PertemuanCI\codeigniter4-CodeIgniter4-70d881c\app\Controllers\ProductController.php(21): view('product/index', Array)
#4 C:\xampp\htdocs\PertemuanCI\codeigniter4-CodeIgniter4-70d881c\system\CodeIgniter.php(825): App\Controllers\ProductController->index()
#5 C:\xampp\htdocs\PertemuanCI\codeigniter4-CodeIgniter4-70d881c\system\CodeIgniter.php(412): CodeIgniter\CodeIgniter->runController(Object(App\Controllers\ProductController))
#6 C:\xampp\htdocs\PertemuanCI\codeigniter4-CodeIgniter4-70d881c\system\CodeIgniter.php(320): CodeIgniter\CodeIgniter->handleRequest(NULL, Object(Config\Cache), false)
#7 C:\xampp\htdocs\PertemuanCI\codeigniter4-CodeIgniter4-70d881c\public\index.php(37): CodeIgniter\CodeIgniter->run()
#8 C:\xampp\htdocs\PertemuanCI\codeigniter4-CodeIgniter4-70d881c\system\Commands\Server\rewrite.php(43): require_once('C:\\xampp\\htdocs...')
#9 {main}
CRITICAL - 2022-03-24 06:04:00 --> Invalid file: layout/layout.php
#0 C:\xampp\htdocs\PertemuanCI\codeigniter4-CodeIgniter4-70d881c\system\View\View.php(198): CodeIgniter\Exceptions\FrameworkException::forInvalidFile('layout/layout.p...')
#1 C:\xampp\htdocs\PertemuanCI\codeigniter4-CodeIgniter4-70d881c\system\View\View.php(226): CodeIgniter\View\View->render('layout/layout', Array, true)
#2 C:\xampp\htdocs\PertemuanCI\codeigniter4-CodeIgniter4-70d881c\system\Common.php(1089): CodeIgniter\View\View->render('product/index', Array, true)
#3 C:\xampp\htdocs\PertemuanCI\codeigniter4-CodeIgniter4-70d881c\app\Controllers\ProductController.php(21): view('product/index', Array)
#4 C:\xampp\htdocs\PertemuanCI\codeigniter4-CodeIgniter4-70d881c\system\CodeIgniter.php(825): App\Controllers\ProductController->index()
#5 C:\xampp\htdocs\PertemuanCI\codeigniter4-CodeIgniter4-70d881c\system\CodeIgniter.php(412): CodeIgniter\CodeIgniter->runController(Object(App\Controllers\ProductController))
#6 C:\xampp\htdocs\PertemuanCI\codeigniter4-CodeIgniter4-70d881c\system\CodeIgniter.php(320): CodeIgniter\CodeIgniter->handleRequest(NULL, Object(Config\Cache), false)
#7 C:\xampp\htdocs\PertemuanCI\codeigniter4-CodeIgniter4-70d881c\public\index.php(37): CodeIgniter\CodeIgniter->run()
#8 C:\xampp\htdocs\PertemuanCI\codeigniter4-CodeIgniter4-70d881c\system\Commands\Server\rewrite.php(43): require_once('C:\\xampp\\htdocs...')
#9 {main}
CRITICAL - 2022-03-24 06:04:00 --> Invalid file: layout/layout.php
#0 C:\xampp\htdocs\PertemuanCI\codeigniter4-CodeIgniter4-70d881c\system\View\View.php(198): CodeIgniter\Exceptions\FrameworkException::forInvalidFile('layout/layout.p...')
#1 C:\xampp\htdocs\PertemuanCI\codeigniter4-CodeIgniter4-70d881c\system\View\View.php(226): CodeIgniter\View\View->render('layout/layout', Array, true)
#2 C:\xampp\htdocs\PertemuanCI\codeigniter4-CodeIgniter4-70d881c\system\Common.php(1089): CodeIgniter\View\View->render('product/index', Array, true)
#3 C:\xampp\htdocs\PertemuanCI\codeigniter4-CodeIgniter4-70d881c\app\Controllers\ProductController.php(21): view('product/index', Array)
#4 C:\xampp\htdocs\PertemuanCI\codeigniter4-CodeIgniter4-70d881c\system\CodeIgniter.php(825): App\Controllers\ProductController->index()
#5 C:\xampp\htdocs\PertemuanCI\codeigniter4-CodeIgniter4-70d881c\system\CodeIgniter.php(412): CodeIgniter\CodeIgniter->runController(Object(App\Controllers\ProductController))
#6 C:\xampp\htdocs\PertemuanCI\codeigniter4-CodeIgniter4-70d881c\system\CodeIgniter.php(320): CodeIgniter\CodeIgniter->handleRequest(NULL, Object(Config\Cache), false)
#7 C:\xampp\htdocs\PertemuanCI\codeigniter4-CodeIgniter4-70d881c\public\index.php(37): CodeIgniter\CodeIgniter->run()
#8 C:\xampp\htdocs\PertemuanCI\codeigniter4-CodeIgniter4-70d881c\system\Commands\Server\rewrite.php(43): require_once('C:\\xampp\\htdocs...')
#9 {main}
CRITICAL - 2022-03-24 06:05:02 --> Invalid file: layout/layout.php
#0 C:\xampp\htdocs\PertemuanCI\codeigniter4-CodeIgniter4-70d881c\system\View\View.php(198): CodeIgniter\Exceptions\FrameworkException::forInvalidFile('layout/layout.p...')
#1 C:\xampp\htdocs\PertemuanCI\codeigniter4-CodeIgniter4-70d881c\system\View\View.php(226): CodeIgniter\View\View->render('layout/layout', Array, true)
#2 C:\xampp\htdocs\PertemuanCI\codeigniter4-CodeIgniter4-70d881c\system\Common.php(1089): CodeIgniter\View\View->render('product/index', Array, true)
#3 C:\xampp\htdocs\PertemuanCI\codeigniter4-CodeIgniter4-70d881c\app\Controllers\ProductController.php(21): view('product/index', Array)
#4 C:\xampp\htdocs\PertemuanCI\codeigniter4-CodeIgniter4-70d881c\system\CodeIgniter.php(825): App\Controllers\ProductController->index()
#5 C:\xampp\htdocs\PertemuanCI\codeigniter4-CodeIgniter4-70d881c\system\CodeIgniter.php(412): CodeIgniter\CodeIgniter->runController(Object(App\Controllers\ProductController))
#6 C:\xampp\htdocs\PertemuanCI\codeigniter4-CodeIgniter4-70d881c\system\CodeIgniter.php(320): CodeIgniter\CodeIgniter->handleRequest(NULL, Object(Config\Cache), false)
#7 C:\xampp\htdocs\PertemuanCI\codeigniter4-CodeIgniter4-70d881c\public\index.php(37): CodeIgniter\CodeIgniter->run()
#8 C:\xampp\htdocs\PertemuanCI\codeigniter4-CodeIgniter4-70d881c\system\Commands\Server\rewrite.php(43): require_once('C:\\xampp\\htdocs...')
#9 {main}
CRITICAL - 2022-03-24 06:08:30 --> Invalid file: layout/layout.php
#0 C:\xampp\htdocs\PertemuanCI\codeigniter4-CodeIgniter4-70d881c\system\View\View.php(198): CodeIgniter\Exceptions\FrameworkException::forInvalidFile('layout/layout.p...')
#1 C:\xampp\htdocs\PertemuanCI\codeigniter4-CodeIgniter4-70d881c\system\View\View.php(226): CodeIgniter\View\View->render('layout/layout', Array, true)
#2 C:\xampp\htdocs\PertemuanCI\codeigniter4-CodeIgniter4-70d881c\system\Common.php(1089): CodeIgniter\View\View->render('product/index', Array, true)
#3 C:\xampp\htdocs\PertemuanCI\codeigniter4-CodeIgniter4-70d881c\app\Controllers\ProductController.php(21): view('product/index', Array)
#4 C:\xampp\htdocs\PertemuanCI\codeigniter4-CodeIgniter4-70d881c\system\CodeIgniter.php(825): App\Controllers\ProductController->index()
#5 C:\xampp\htdocs\PertemuanCI\codeigniter4-CodeIgniter4-70d881c\system\CodeIgniter.php(412): CodeIgniter\CodeIgniter->runController(Object(App\Controllers\ProductController))
#6 C:\xampp\htdocs\PertemuanCI\codeigniter4-CodeIgniter4-70d881c\system\CodeIgniter.php(320): CodeIgniter\CodeIgniter->handleRequest(NULL, Object(Config\Cache), false)
#7 C:\xampp\htdocs\PertemuanCI\codeigniter4-CodeIgniter4-70d881c\public\index.php(37): CodeIgniter\CodeIgniter->run()
#8 C:\xampp\htdocs\PertemuanCI\codeigniter4-CodeIgniter4-70d881c\system\Commands\Server\rewrite.php(43): require_once('C:\\xampp\\htdocs...')
#9 {main}
CRITICAL - 2022-03-24 06:09:22 --> Invalid file: layout/layout.php
#0 C:\xampp\htdocs\PertemuanCI\codeigniter4-CodeIgniter4-70d881c\system\View\View.php(198): CodeIgniter\Exceptions\FrameworkException::forInvalidFile('layout/layout.p...')
#1 C:\xampp\htdocs\PertemuanCI\codeigniter4-CodeIgniter4-70d881c\system\View\View.php(226): CodeIgniter\View\View->render('layout/layout', Array, true)
#2 C:\xampp\htdocs\PertemuanCI\codeigniter4-CodeIgniter4-70d881c\system\Common.php(1089): CodeIgniter\View\View->render('product/index', Array, true)
#3 C:\xampp\htdocs\PertemuanCI\codeigniter4-CodeIgniter4-70d881c\app\Controllers\ProductController.php(21): view('product/index', Array)
#4 C:\xampp\htdocs\PertemuanCI\codeigniter4-CodeIgniter4-70d881c\system\CodeIgniter.php(825): App\Controllers\ProductController->index()
#5 C:\xampp\htdocs\PertemuanCI\codeigniter4-CodeIgniter4-70d881c\system\CodeIgniter.php(412): CodeIgniter\CodeIgniter->runController(Object(App\Controllers\ProductController))
#6 C:\xampp\htdocs\PertemuanCI\codeigniter4-CodeIgniter4-70d881c\system\CodeIgniter.php(320): CodeIgniter\CodeIgniter->handleRequest(NULL, Object(Config\Cache), false)
#7 C:\xampp\htdocs\PertemuanCI\codeigniter4-CodeIgniter4-70d881c\public\index.php(37): CodeIgniter\CodeIgniter->run()
#8 C:\xampp\htdocs\PertemuanCI\codeigniter4-CodeIgniter4-70d881c\system\Commands\Server\rewrite.php(43): require_once('C:\\xampp\\htdocs...')
#9 {main}
CRITICAL - 2022-03-24 06:09:29 --> Invalid file: layout/layout.php
#0 C:\xampp\htdocs\PertemuanCI\codeigniter4-CodeIgniter4-70d881c\system\View\View.php(198): CodeIgniter\Exceptions\FrameworkException::forInvalidFile('layout/layout.p...')
#1 C:\xampp\htdocs\PertemuanCI\codeigniter4-CodeIgniter4-70d881c\system\View\View.php(226): CodeIgniter\View\View->render('layout/layout', Array, true)
#2 C:\xampp\htdocs\PertemuanCI\codeigniter4-CodeIgniter4-70d881c\system\Common.php(1089): CodeIgniter\View\View->render('product/index', Array, true)
#3 C:\xampp\htdocs\PertemuanCI\codeigniter4-CodeIgniter4-70d881c\app\Controllers\ProductController.php(21): view('product/index', Array)
#4 C:\xampp\htdocs\PertemuanCI\codeigniter4-CodeIgniter4-70d881c\system\CodeIgniter.php(825): App\Controllers\ProductController->index()
#5 C:\xampp\htdocs\PertemuanCI\codeigniter4-CodeIgniter4-70d881c\system\CodeIgniter.php(412): CodeIgniter\CodeIgniter->runController(Object(App\Controllers\ProductController))
#6 C:\xampp\htdocs\PertemuanCI\codeigniter4-CodeIgniter4-70d881c\system\CodeIgniter.php(320): CodeIgniter\CodeIgniter->handleRequest(NULL, Object(Config\Cache), false)
#7 C:\xampp\htdocs\PertemuanCI\codeigniter4-CodeIgniter4-70d881c\public\index.php(37): CodeIgniter\CodeIgniter->run()
#8 C:\xampp\htdocs\PertemuanCI\codeigniter4-CodeIgniter4-70d881c\system\Commands\Server\rewrite.php(43): require_once('C:\\xampp\\htdocs...')
#9 {main}
CRITICAL - 2022-03-24 06:09:30 --> Invalid file: layout/layout.php
#0 C:\xampp\htdocs\PertemuanCI\codeigniter4-CodeIgniter4-70d881c\system\View\View.php(198): CodeIgniter\Exceptions\FrameworkException::forInvalidFile('layout/layout.p...')
#1 C:\xampp\htdocs\PertemuanCI\codeigniter4-CodeIgniter4-70d881c\system\View\View.php(226): CodeIgniter\View\View->render('layout/layout', Array, true)
#2 C:\xampp\htdocs\PertemuanCI\codeigniter4-CodeIgniter4-70d881c\system\Common.php(1089): CodeIgniter\View\View->render('product/index', Array, true)
#3 C:\xampp\htdocs\PertemuanCI\codeigniter4-CodeIgniter4-70d881c\app\Controllers\ProductController.php(21): view('product/index', Array)
#4 C:\xampp\htdocs\PertemuanCI\codeigniter4-CodeIgniter4-70d881c\system\CodeIgniter.php(825): App\Controllers\ProductController->index()
#5 C:\xampp\htdocs\PertemuanCI\codeigniter4-CodeIgniter4-70d881c\system\CodeIgniter.php(412): CodeIgniter\CodeIgniter->runController(Object(App\Controllers\ProductController))
#6 C:\xampp\htdocs\PertemuanCI\codeigniter4-CodeIgniter4-70d881c\system\CodeIgniter.php(320): CodeIgniter\CodeIgniter->handleRequest(NULL, Object(Config\Cache), false)
#7 C:\xampp\htdocs\PertemuanCI\codeigniter4-CodeIgniter4-70d881c\public\index.php(37): CodeIgniter\CodeIgniter->run()
#8 C:\xampp\htdocs\PertemuanCI\codeigniter4-CodeIgniter4-70d881c\system\Commands\Server\rewrite.php(43): require_once('C:\\xampp\\htdocs...')
#9 {main}
CRITICAL - 2022-03-24 06:09:30 --> Invalid file: layout/layout.php
#0 C:\xampp\htdocs\PertemuanCI\codeigniter4-CodeIgniter4-70d881c\system\View\View.php(198): CodeIgniter\Exceptions\FrameworkException::forInvalidFile('layout/layout.p...')
#1 C:\xampp\htdocs\PertemuanCI\codeigniter4-CodeIgniter4-70d881c\system\View\View.php(226): CodeIgniter\View\View->render('layout/layout', Array, true)
#2 C:\xampp\htdocs\PertemuanCI\codeigniter4-CodeIgniter4-70d881c\system\Common.php(1089): CodeIgniter\View\View->render('product/index', Array, true)
#3 C:\xampp\htdocs\PertemuanCI\codeigniter4-CodeIgniter4-70d881c\app\Controllers\ProductController.php(21): view('product/index', Array)
#4 C:\xampp\htdocs\PertemuanCI\codeigniter4-CodeIgniter4-70d881c\system\CodeIgniter.php(825): App\Controllers\ProductController->index()
#5 C:\xampp\htdocs\PertemuanCI\codeigniter4-CodeIgniter4-70d881c\system\CodeIgniter.php(412): CodeIgniter\CodeIgniter->runController(Object(App\Controllers\ProductController))
#6 C:\xampp\htdocs\PertemuanCI\codeigniter4-CodeIgniter4-70d881c\system\CodeIgniter.php(320): CodeIgniter\CodeIgniter->handleRequest(NULL, Object(Config\Cache), false)
#7 C:\xampp\htdocs\PertemuanCI\codeigniter4-CodeIgniter4-70d881c\public\index.php(37): CodeIgniter\CodeIgniter->run()
#8 C:\xampp\htdocs\PertemuanCI\codeigniter4-CodeIgniter4-70d881c\system\Commands\Server\rewrite.php(43): require_once('C:\\xampp\\htdocs...')
#9 {main}
CRITICAL - 2022-03-24 06:09:31 --> Invalid file: layout/layout.php
#0 C:\xampp\htdocs\PertemuanCI\codeigniter4-CodeIgniter4-70d881c\system\View\View.php(198): CodeIgniter\Exceptions\FrameworkException::forInvalidFile('layout/layout.p...')
#1 C:\xampp\htdocs\PertemuanCI\codeigniter4-CodeIgniter4-70d881c\system\View\View.php(226): CodeIgniter\View\View->render('layout/layout', Array, true)
#2 C:\xampp\htdocs\PertemuanCI\codeigniter4-CodeIgniter4-70d881c\system\Common.php(1089): CodeIgniter\View\View->render('product/index', Array, true)
#3 C:\xampp\htdocs\PertemuanCI\codeigniter4-CodeIgniter4-70d881c\app\Controllers\ProductController.php(21): view('product/index', Array)
#4 C:\xampp\htdocs\PertemuanCI\codeigniter4-CodeIgniter4-70d881c\system\CodeIgniter.php(825): App\Controllers\ProductController->index()
#5 C:\xampp\htdocs\PertemuanCI\codeigniter4-CodeIgniter4-70d881c\system\CodeIgniter.php(412): CodeIgniter\CodeIgniter->runController(Object(App\Controllers\ProductController))
#6 C:\xampp\htdocs\PertemuanCI\codeigniter4-CodeIgniter4-70d881c\system\CodeIgniter.php(320): CodeIgniter\CodeIgniter->handleRequest(NULL, Object(Config\Cache), false)
#7 C:\xampp\htdocs\PertemuanCI\codeigniter4-CodeIgniter4-70d881c\public\index.php(37): CodeIgniter\CodeIgniter->run()
#8 C:\xampp\htdocs\PertemuanCI\codeigniter4-CodeIgniter4-70d881c\system\Commands\Server\rewrite.php(43): require_once('C:\\xampp\\htdocs...')
#9 {main}
CRITICAL - 2022-03-24 06:11:51 --> Invalid file: layout/layout.php
#0 C:\xampp\htdocs\PertemuanCI\codeigniter4-CodeIgniter4-70d881c\system\View\View.php(198): CodeIgniter\Exceptions\FrameworkException::forInvalidFile('layout/layout.p...')
#1 C:\xampp\htdocs\PertemuanCI\codeigniter4-CodeIgniter4-70d881c\system\View\View.php(226): CodeIgniter\View\View->render('layout/layout', Array, true)
#2 C:\xampp\htdocs\PertemuanCI\codeigniter4-CodeIgniter4-70d881c\system\Common.php(1089): CodeIgniter\View\View->render('product/index', Array, true)
#3 C:\xampp\htdocs\PertemuanCI\codeigniter4-CodeIgniter4-70d881c\app\Controllers\ProductController.php(21): view('product/index', Array)
#4 C:\xampp\htdocs\PertemuanCI\codeigniter4-CodeIgniter4-70d881c\system\CodeIgniter.php(825): App\Controllers\ProductController->index()
#5 C:\xampp\htdocs\PertemuanCI\codeigniter4-CodeIgniter4-70d881c\system\CodeIgniter.php(412): CodeIgniter\CodeIgniter->runController(Object(App\Controllers\ProductController))
#6 C:\xampp\htdocs\PertemuanCI\codeigniter4-CodeIgniter4-70d881c\system\CodeIgniter.php(320): CodeIgniter\CodeIgniter->handleRequest(NULL, Object(Config\Cache), false)
#7 C:\xampp\htdocs\PertemuanCI\codeigniter4-CodeIgniter4-70d881c\public\index.php(37): CodeIgniter\CodeIgniter->run()
#8 C:\xampp\htdocs\PertemuanCI\codeigniter4-CodeIgniter4-70d881c\system\Commands\Server\rewrite.php(43): require_once('C:\\xampp\\htdocs...')
#9 {main}
CRITICAL - 2022-03-24 06:11:52 --> Invalid file: layout/layout.php
#0 C:\xampp\htdocs\PertemuanCI\codeigniter4-CodeIgniter4-70d881c\system\View\View.php(198): CodeIgniter\Exceptions\FrameworkException::forInvalidFile('layout/layout.p...')
#1 C:\xampp\htdocs\PertemuanCI\codeigniter4-CodeIgniter4-70d881c\system\View\View.php(226): CodeIgniter\View\View->render('layout/layout', Array, true)
#2 C:\xampp\htdocs\PertemuanCI\codeigniter4-CodeIgniter4-70d881c\system\Common.php(1089): CodeIgniter\View\View->render('product/index', Array, true)
#3 C:\xampp\htdocs\PertemuanCI\codeigniter4-CodeIgniter4-70d881c\app\Controllers\ProductController.php(21): view('product/index', Array)
#4 C:\xampp\htdocs\PertemuanCI\codeigniter4-CodeIgniter4-70d881c\system\CodeIgniter.php(825): App\Controllers\ProductController->index()
#5 C:\xampp\htdocs\PertemuanCI\codeigniter4-CodeIgniter4-70d881c\system\CodeIgniter.php(412): CodeIgniter\CodeIgniter->runController(Object(App\Controllers\ProductController))
#6 C:\xampp\htdocs\PertemuanCI\codeigniter4-CodeIgniter4-70d881c\system\CodeIgniter.php(320): CodeIgniter\CodeIgniter->handleRequest(NULL, Object(Config\Cache), false)
#7 C:\xampp\htdocs\PertemuanCI\codeigniter4-CodeIgniter4-70d881c\public\index.php(37): CodeIgniter\CodeIgniter->run()
#8 C:\xampp\htdocs\PertemuanCI\codeigniter4-CodeIgniter4-70d881c\system\Commands\Server\rewrite.php(43): require_once('C:\\xampp\\htdocs...')
#9 {main}
CRITICAL - 2022-03-24 06:11:52 --> Invalid file: layout/layout.php
#0 C:\xampp\htdocs\PertemuanCI\codeigniter4-CodeIgniter4-70d881c\system\View\View.php(198): CodeIgniter\Exceptions\FrameworkException::forInvalidFile('layout/layout.p...')
#1 C:\xampp\htdocs\PertemuanCI\codeigniter4-CodeIgniter4-70d881c\system\View\View.php(226): CodeIgniter\View\View->render('layout/layout', Array, true)
#2 C:\xampp\htdocs\PertemuanCI\codeigniter4-CodeIgniter4-70d881c\system\Common.php(1089): CodeIgniter\View\View->render('product/index', Array, true)
#3 C:\xampp\htdocs\PertemuanCI\codeigniter4-CodeIgniter4-70d881c\app\Controllers\ProductController.php(21): view('product/index', Array)
#4 C:\xampp\htdocs\PertemuanCI\codeigniter4-CodeIgniter4-70d881c\system\CodeIgniter.php(825): App\Controllers\ProductController->index()
#5 C:\xampp\htdocs\PertemuanCI\codeigniter4-CodeIgniter4-70d881c\system\CodeIgniter.php(412): CodeIgniter\CodeIgniter->runController(Object(App\Controllers\ProductController))
#6 C:\xampp\htdocs\PertemuanCI\codeigniter4-CodeIgniter4-70d881c\system\CodeIgniter.php(320): CodeIgniter\CodeIgniter->handleRequest(NULL, Object(Config\Cache), false)
#7 C:\xampp\htdocs\PertemuanCI\codeigniter4-CodeIgniter4-70d881c\public\index.php(37): CodeIgniter\CodeIgniter->run()
#8 C:\xampp\htdocs\PertemuanCI\codeigniter4-CodeIgniter4-70d881c\system\Commands\Server\rewrite.php(43): require_once('C:\\xampp\\htdocs...')
#9 {main}
CRITICAL - 2022-03-24 06:12:41 --> Can only throw objects
#0 C:\xampp\htdocs\PertemuanCI\codeigniter4-CodeIgniter4-70d881c\system\View\View.php(226): CodeIgniter\View\View->render('layout/layout', Array, true)
#1 C:\xampp\htdocs\PertemuanCI\codeigniter4-CodeIgniter4-70d881c\system\Common.php(1089): CodeIgniter\View\View->render('product/index', Array, true)
#2 C:\xampp\htdocs\PertemuanCI\codeigniter4-CodeIgniter4-70d881c\app\Controllers\ProductController.php(21): view('product/index', Array)
#3 C:\xampp\htdocs\PertemuanCI\codeigniter4-CodeIgniter4-70d881c\system\CodeIgniter.php(825): App\Controllers\ProductController->index()
#4 C:\xampp\htdocs\PertemuanCI\codeigniter4-CodeIgniter4-70d881c\system\CodeIgniter.php(412): CodeIgniter\CodeIgniter->runController(Object(App\Controllers\ProductController))
#5 C:\xampp\htdocs\PertemuanCI\codeigniter4-CodeIgniter4-70d881c\system\CodeIgniter.php(320): CodeIgniter\CodeIgniter->handleRequest(NULL, Object(Config\Cache), false)
#6 C:\xampp\htdocs\PertemuanCI\codeigniter4-CodeIgniter4-70d881c\public\index.php(37): CodeIgniter\CodeIgniter->run()
#7 C:\xampp\htdocs\PertemuanCI\codeigniter4-CodeIgniter4-70d881c\system\Commands\Server\rewrite.php(43): require_once('C:\\xampp\\htdocs...')
#8 {main}
CRITICAL - 2022-03-24 06:14:55 --> Can only throw objects
#0 C:\xampp\htdocs\PertemuanCI\codeigniter4-CodeIgniter4-70d881c\system\View\View.php(226): CodeIgniter\View\View->render('layout/layout', Array, true)
#1 C:\xampp\htdocs\PertemuanCI\codeigniter4-CodeIgniter4-70d881c\system\Common.php(1089): CodeIgniter\View\View->render('product/index', Array, true)
#2 C:\xampp\htdocs\PertemuanCI\codeigniter4-CodeIgniter4-70d881c\app\Controllers\ProductController.php(21): view('product/index', Array)
#3 C:\xampp\htdocs\PertemuanCI\codeigniter4-CodeIgniter4-70d881c\system\CodeIgniter.php(825): App\Controllers\ProductController->index()
#4 C:\xampp\htdocs\PertemuanCI\codeigniter4-CodeIgniter4-70d881c\system\CodeIgniter.php(412): CodeIgniter\CodeIgniter->runController(Object(App\Controllers\ProductController))
#5 C:\xampp\htdocs\PertemuanCI\codeigniter4-CodeIgniter4-70d881c\system\CodeIgniter.php(320): CodeIgniter\CodeIgniter->handleRequest(NULL, Object(Config\Cache), false)
#6 C:\xampp\htdocs\PertemuanCI\codeigniter4-CodeIgniter4-70d881c\public\index.php(37): CodeIgniter\CodeIgniter->run()
#7 C:\xampp\htdocs\PertemuanCI\codeigniter4-CodeIgniter4-70d881c\system\Commands\Server\rewrite.php(43): require_once('C:\\xampp\\htdocs...')
#8 {main}
CRITICAL - 2022-03-24 06:14:56 --> Can only throw objects
#0 C:\xampp\htdocs\PertemuanCI\codeigniter4-CodeIgniter4-70d881c\system\View\View.php(226): CodeIgniter\View\View->render('layout/layout', Array, true)
#1 C:\xampp\htdocs\PertemuanCI\codeigniter4-CodeIgniter4-70d881c\system\Common.php(1089): CodeIgniter\View\View->render('product/index', Array, true)
#2 C:\xampp\htdocs\PertemuanCI\codeigniter4-CodeIgniter4-70d881c\app\Controllers\ProductController.php(21): view('product/index', Array)
#3 C:\xampp\htdocs\PertemuanCI\codeigniter4-CodeIgniter4-70d881c\system\CodeIgniter.php(825): App\Controllers\ProductController->index()
#4 C:\xampp\htdocs\PertemuanCI\codeigniter4-CodeIgniter4-70d881c\system\CodeIgniter.php(412): CodeIgniter\CodeIgniter->runController(Object(App\Controllers\ProductController))
#5 C:\xampp\htdocs\PertemuanCI\codeigniter4-CodeIgniter4-70d881c\system\CodeIgniter.php(320): CodeIgniter\CodeIgniter->handleRequest(NULL, Object(Config\Cache), false)
#6 C:\xampp\htdocs\PertemuanCI\codeigniter4-CodeIgniter4-70d881c\public\index.php(37): CodeIgniter\CodeIgniter->run()
#7 C:\xampp\htdocs\PertemuanCI\codeigniter4-CodeIgniter4-70d881c\system\Commands\Server\rewrite.php(43): require_once('C:\\xampp\\htdocs...')
#8 {main}
CRITICAL - 2022-03-24 06:14:57 --> Can only throw objects
#0 C:\xampp\htdocs\PertemuanCI\codeigniter4-CodeIgniter4-70d881c\system\View\View.php(226): CodeIgniter\View\View->render('layout/layout', Array, true)
#1 C:\xampp\htdocs\PertemuanCI\codeigniter4-CodeIgniter4-70d881c\system\Common.php(1089): CodeIgniter\View\View->render('product/index', Array, true)
#2 C:\xampp\htdocs\PertemuanCI\codeigniter4-CodeIgniter4-70d881c\app\Controllers\ProductController.php(21): view('product/index', Array)
#3 C:\xampp\htdocs\PertemuanCI\codeigniter4-CodeIgniter4-70d881c\system\CodeIgniter.php(825): App\Controllers\ProductController->index()
#4 C:\xampp\htdocs\PertemuanCI\codeigniter4-CodeIgniter4-70d881c\system\CodeIgniter.php(412): CodeIgniter\CodeIgniter->runController(Object(App\Controllers\ProductController))
#5 C:\xampp\htdocs\PertemuanCI\codeigniter4-CodeIgniter4-70d881c\system\CodeIgniter.php(320): CodeIgniter\CodeIgniter->handleRequest(NULL, Object(Config\Cache), false)
#6 C:\xampp\htdocs\PertemuanCI\codeigniter4-CodeIgniter4-70d881c\public\index.php(37): CodeIgniter\CodeIgniter->run()
#7 C:\xampp\htdocs\PertemuanCI\codeigniter4-CodeIgniter4-70d881c\system\Commands\Server\rewrite.php(43): require_once('C:\\xampp\\htdocs...')
#8 {main}
CRITICAL - 2022-03-24 06:15:12 --> Can only throw objects
#0 C:\xampp\htdocs\PertemuanCI\codeigniter4-CodeIgniter4-70d881c\system\View\View.php(226): CodeIgniter\View\View->render('layout/layout', Array, true)
#1 C:\xampp\htdocs\PertemuanCI\codeigniter4-CodeIgniter4-70d881c\system\Common.php(1089): CodeIgniter\View\View->render('product/index', Array, true)
#2 C:\xampp\htdocs\PertemuanCI\codeigniter4-CodeIgniter4-70d881c\app\Controllers\ProductController.php(21): view('product/index', Array)
#3 C:\xampp\htdocs\PertemuanCI\codeigniter4-CodeIgniter4-70d881c\system\CodeIgniter.php(825): App\Controllers\ProductController->index()
#4 C:\xampp\htdocs\PertemuanCI\codeigniter4-CodeIgniter4-70d881c\system\CodeIgniter.php(412): CodeIgniter\CodeIgniter->runController(Object(App\Controllers\ProductController))
#5 C:\xampp\htdocs\PertemuanCI\codeigniter4-CodeIgniter4-70d881c\system\CodeIgniter.php(320): CodeIgniter\CodeIgniter->handleRequest(NULL, Object(Config\Cache), false)
#6 C:\xampp\htdocs\PertemuanCI\codeigniter4-CodeIgniter4-70d881c\public\index.php(37): CodeIgniter\CodeIgniter->run()
#7 C:\xampp\htdocs\PertemuanCI\codeigniter4-CodeIgniter4-70d881c\system\Commands\Server\rewrite.php(43): require_once('C:\\xampp\\htdocs...')
#8 {main}
CRITICAL - 2022-03-24 06:16:34 --> Invalid file: layout/layout.php
#0 C:\xampp\htdocs\PertemuanCI\codeigniter4-CodeIgniter4-70d881c\system\View\View.php(198): CodeIgniter\Exceptions\FrameworkException::forInvalidFile('layout/layout.p...')
#1 C:\xampp\htdocs\PertemuanCI\codeigniter4-CodeIgniter4-70d881c\system\View\View.php(226): CodeIgniter\View\View->render('layout/layout', Array, true)
#2 C:\xampp\htdocs\PertemuanCI\codeigniter4-CodeIgniter4-70d881c\system\Common.php(1089): CodeIgniter\View\View->render('product/index', Array, true)
#3 C:\xampp\htdocs\PertemuanCI\codeigniter4-CodeIgniter4-70d881c\app\Controllers\ProductController.php(21): view('product/index', Array)
#4 C:\xampp\htdocs\PertemuanCI\codeigniter4-CodeIgniter4-70d881c\system\CodeIgniter.php(825): App\Controllers\ProductController->index()
#5 C:\xampp\htdocs\PertemuanCI\codeigniter4-CodeIgniter4-70d881c\system\CodeIgniter.php(412): CodeIgniter\CodeIgniter->runController(Object(App\Controllers\ProductController))
#6 C:\xampp\htdocs\PertemuanCI\codeigniter4-CodeIgniter4-70d881c\system\CodeIgniter.php(320): CodeIgniter\CodeIgniter->handleRequest(NULL, Object(Config\Cache), false)
#7 C:\xampp\htdocs\PertemuanCI\codeigniter4-CodeIgniter4-70d881c\public\index.php(37): CodeIgniter\CodeIgniter->run()
#8 C:\xampp\htdocs\PertemuanCI\codeigniter4-CodeIgniter4-70d881c\system\Commands\Server\rewrite.php(43): require_once('C:\\xampp\\htdocs...')
#9 {main}
CRITICAL - 2022-03-24 11:14:28 --> syntax error, unexpected token "endif", expecting end of file
#0 C:\xampp\htdocs\PertemuanCI\codeigniter4-CodeIgniter4-70d881c\system\View\View.php(213): CodeIgniter\View\View->CodeIgniter\View\{closure}()
#1 C:\xampp\htdocs\PertemuanCI\codeigniter4-CodeIgniter4-70d881c\system\View\View.php(226): CodeIgniter\View\View->render('layouts/layout', Array, true)
#2 C:\xampp\htdocs\PertemuanCI\codeigniter4-CodeIgniter4-70d881c\system\Common.php(1089): CodeIgniter\View\View->render('product/index', Array, true)
#3 C:\xampp\htdocs\PertemuanCI\codeigniter4-CodeIgniter4-70d881c\app\Controllers\ProductController.php(22): view('product/index', Array)
#4 C:\xampp\htdocs\PertemuanCI\codeigniter4-CodeIgniter4-70d881c\system\CodeIgniter.php(825): App\Controllers\ProductController->index()
#5 C:\xampp\htdocs\PertemuanCI\codeigniter4-CodeIgniter4-70d881c\system\CodeIgniter.php(412): CodeIgniter\CodeIgniter->runController(Object(App\Controllers\ProductController))
#6 C:\xampp\htdocs\PertemuanCI\codeigniter4-CodeIgniter4-70d881c\system\CodeIgniter.php(320): CodeIgniter\CodeIgniter->handleRequest(NULL, Object(Config\Cache), false)
#7 C:\xampp\htdocs\PertemuanCI\codeigniter4-CodeIgniter4-70d881c\public\index.php(37): CodeIgniter\CodeIgniter->run()
#8 C:\xampp\htdocs\PertemuanCI\codeigniter4-CodeIgniter4-70d881c\system\Commands\Server\rewrite.php(43): require_once('C:\\xampp\\htdocs...')
#9 {main}
