ERROR - 2022-03-25 03:52:38 --> Error connecting to the database: No connection could be made because the target machine actively refused it
CRITICAL - 2022-03-25 03:52:38 --> Unable to connect to the database.
Main connection [MySQLi]: No connection could be made because the target machine actively refused it
#0 C:\xampp\htdocs\PertemuanCI\codeigniter4-CodeIgniter4-70d881c\system\Database\BaseConnection.php(577): CodeIgniter\Database\BaseConnection->initialize()
#1 C:\xampp\htdocs\PertemuanCI\codeigniter4-CodeIgniter4-70d881c\system\Database\BaseBuilder.php(1455): CodeIgniter\Database\BaseConnection->query('SELECT *\nFROM `...', Array, false)
#2 C:\xampp\htdocs\PertemuanCI\codeigniter4-CodeIgniter4-70d881c\system\Model.php(183): CodeIgniter\Database\BaseBuilder->get()
#3 C:\xampp\htdocs\PertemuanCI\codeigniter4-CodeIgniter4-70d881c\system\BaseModel.php(584): CodeIgniter\Model->doFindAll(0, 0)
#4 C:\xampp\htdocs\PertemuanCI\codeigniter4-CodeIgniter4-70d881c\app\Controllers\ProductController.php(20): CodeIgniter\BaseModel->findAll()
#5 C:\xampp\htdocs\PertemuanCI\codeigniter4-CodeIgniter4-70d881c\system\CodeIgniter.php(825): App\Controllers\ProductController->index()
#6 C:\xampp\htdocs\PertemuanCI\codeigniter4-CodeIgniter4-70d881c\system\CodeIgniter.php(412): CodeIgniter\CodeIgniter->runController(Object(App\Controllers\ProductController))
#7 C:\xampp\htdocs\PertemuanCI\codeigniter4-CodeIgniter4-70d881c\system\CodeIgniter.php(320): CodeIgniter\CodeIgniter->handleRequest(NULL, Object(Config\Cache), false)
#8 C:\xampp\htdocs\PertemuanCI\codeigniter4-CodeIgniter4-70d881c\public\index.php(37): CodeIgniter\CodeIgniter->run()
#9 C:\xampp\htdocs\PertemuanCI\codeigniter4-CodeIgniter4-70d881c\system\Commands\Server\rewrite.php(43): require_once('C:\\xampp\\htdocs...')
#10 {main}
ERROR - 2022-03-25 03:53:03 --> Error connecting to the database: No connection could be made because the target machine actively refused it
CRITICAL - 2022-03-25 03:53:03 --> Unable to connect to the database.
Main connection [MySQLi]: No connection could be made because the target machine actively refused it
#0 C:\xampp\htdocs\PertemuanCI\codeigniter4-CodeIgniter4-70d881c\system\Database\BaseConnection.php(577): CodeIgniter\Database\BaseConnection->initialize()
#1 C:\xampp\htdocs\PertemuanCI\codeigniter4-CodeIgniter4-70d881c\system\Database\BaseBuilder.php(1455): CodeIgniter\Database\BaseConnection->query('SELECT *\nFROM `...', Array, false)
#2 C:\xampp\htdocs\PertemuanCI\codeigniter4-CodeIgniter4-70d881c\system\Model.php(183): CodeIgniter\Database\BaseBuilder->get()
#3 C:\xampp\htdocs\PertemuanCI\codeigniter4-CodeIgniter4-70d881c\system\BaseModel.php(584): CodeIgniter\Model->doFindAll(0, 0)
#4 C:\xampp\htdocs\PertemuanCI\codeigniter4-CodeIgniter4-70d881c\app\Controllers\ProductController.php(20): CodeIgniter\BaseModel->findAll()
#5 C:\xampp\htdocs\PertemuanCI\codeigniter4-CodeIgniter4-70d881c\system\CodeIgniter.php(825): App\Controllers\ProductController->index()
#6 C:\xampp\htdocs\PertemuanCI\codeigniter4-CodeIgniter4-70d881c\system\CodeIgniter.php(412): CodeIgniter\CodeIgniter->runController(Object(App\Controllers\ProductController))
#7 C:\xampp\htdocs\PertemuanCI\codeigniter4-CodeIgniter4-70d881c\system\CodeIgniter.php(320): CodeIgniter\CodeIgniter->handleRequest(NULL, Object(Config\Cache), false)
#8 C:\xampp\htdocs\PertemuanCI\codeigniter4-CodeIgniter4-70d881c\public\index.php(37): CodeIgniter\CodeIgniter->run()
#9 C:\xampp\htdocs\PertemuanCI\codeigniter4-CodeIgniter4-70d881c\system\Commands\Server\rewrite.php(43): require_once('C:\\xampp\\htdocs...')
#10 {main}
ERROR - 2022-03-25 03:53:25 --> Error connecting to the database: No connection could be made because the target machine actively refused it
CRITICAL - 2022-03-25 03:53:25 --> Unable to connect to the database.
Main connection [MySQLi]: No connection could be made because the target machine actively refused it
#0 C:\xampp\htdocs\PertemuanCI\codeigniter4-CodeIgniter4-70d881c\system\Database\BaseConnection.php(577): CodeIgniter\Database\BaseConnection->initialize()
#1 C:\xampp\htdocs\PertemuanCI\codeigniter4-CodeIgniter4-70d881c\system\Database\BaseBuilder.php(1455): CodeIgniter\Database\BaseConnection->query('SELECT *\nFROM `...', Array, false)
#2 C:\xampp\htdocs\PertemuanCI\codeigniter4-CodeIgniter4-70d881c\system\Model.php(183): CodeIgniter\Database\BaseBuilder->get()
#3 C:\xampp\htdocs\PertemuanCI\codeigniter4-CodeIgniter4-70d881c\system\BaseModel.php(584): CodeIgniter\Model->doFindAll(0, 0)
#4 C:\xampp\htdocs\PertemuanCI\codeigniter4-CodeIgniter4-70d881c\app\Controllers\ProductController.php(20): CodeIgniter\BaseModel->findAll()
#5 C:\xampp\htdocs\PertemuanCI\codeigniter4-CodeIgniter4-70d881c\system\CodeIgniter.php(825): App\Controllers\ProductController->index()
#6 C:\xampp\htdocs\PertemuanCI\codeigniter4-CodeIgniter4-70d881c\system\CodeIgniter.php(412): CodeIgniter\CodeIgniter->runController(Object(App\Controllers\ProductController))
#7 C:\xampp\htdocs\PertemuanCI\codeigniter4-CodeIgniter4-70d881c\system\CodeIgniter.php(320): CodeIgniter\CodeIgniter->handleRequest(NULL, Object(Config\Cache), false)
#8 C:\xampp\htdocs\PertemuanCI\codeigniter4-CodeIgniter4-70d881c\public\index.php(37): CodeIgniter\CodeIgniter->run()
#9 C:\xampp\htdocs\PertemuanCI\codeigniter4-CodeIgniter4-70d881c\system\Commands\Server\rewrite.php(43): require_once('C:\\xampp\\htdocs...')
#10 {main}
ERROR - 2022-03-25 03:53:57 --> Error connecting to the database: No connection could be made because the target machine actively refused it
CRITICAL - 2022-03-25 03:53:57 --> Unable to connect to the database.
Main connection [MySQLi]: No connection could be made because the target machine actively refused it
#0 C:\xampp\htdocs\PertemuanCI\codeigniter4-CodeIgniter4-70d881c\system\Database\BaseConnection.php(577): CodeIgniter\Database\BaseConnection->initialize()
#1 C:\xampp\htdocs\PertemuanCI\codeigniter4-CodeIgniter4-70d881c\system\Database\BaseBuilder.php(1455): CodeIgniter\Database\BaseConnection->query('SELECT *\nFROM `...', Array, false)
#2 C:\xampp\htdocs\PertemuanCI\codeigniter4-CodeIgniter4-70d881c\system\Model.php(183): CodeIgniter\Database\BaseBuilder->get()
#3 C:\xampp\htdocs\PertemuanCI\codeigniter4-CodeIgniter4-70d881c\system\BaseModel.php(584): CodeIgniter\Model->doFindAll(0, 0)
#4 C:\xampp\htdocs\PertemuanCI\codeigniter4-CodeIgniter4-70d881c\app\Controllers\ProductController.php(20): CodeIgniter\BaseModel->findAll()
#5 C:\xampp\htdocs\PertemuanCI\codeigniter4-CodeIgniter4-70d881c\system\CodeIgniter.php(825): App\Controllers\ProductController->index()
#6 C:\xampp\htdocs\PertemuanCI\codeigniter4-CodeIgniter4-70d881c\system\CodeIgniter.php(412): CodeIgniter\CodeIgniter->runController(Object(App\Controllers\ProductController))
#7 C:\xampp\htdocs\PertemuanCI\codeigniter4-CodeIgniter4-70d881c\system\CodeIgniter.php(320): CodeIgniter\CodeIgniter->handleRequest(NULL, Object(Config\Cache), false)
#8 C:\xampp\htdocs\PertemuanCI\codeigniter4-CodeIgniter4-70d881c\public\index.php(37): CodeIgniter\CodeIgniter->run()
#9 C:\xampp\htdocs\PertemuanCI\codeigniter4-CodeIgniter4-70d881c\system\Commands\Server\rewrite.php(43): require_once('C:\\xampp\\htdocs...')
#10 {main}
ERROR - 2022-03-25 03:54:15 --> Error connecting to the database: No connection could be made because the target machine actively refused it
CRITICAL - 2022-03-25 03:54:15 --> Unable to connect to the database.
Main connection [MySQLi]: No connection could be made because the target machine actively refused it
#0 C:\xampp\htdocs\PertemuanCI\codeigniter4-CodeIgniter4-70d881c\system\Database\BaseConnection.php(577): CodeIgniter\Database\BaseConnection->initialize()
#1 C:\xampp\htdocs\PertemuanCI\codeigniter4-CodeIgniter4-70d881c\system\Database\BaseBuilder.php(1455): CodeIgniter\Database\BaseConnection->query('SELECT *\nFROM `...', Array, false)
#2 C:\xampp\htdocs\PertemuanCI\codeigniter4-CodeIgniter4-70d881c\system\Model.php(183): CodeIgniter\Database\BaseBuilder->get()
#3 C:\xampp\htdocs\PertemuanCI\codeigniter4-CodeIgniter4-70d881c\system\BaseModel.php(584): CodeIgniter\Model->doFindAll(0, 0)
#4 C:\xampp\htdocs\PertemuanCI\codeigniter4-CodeIgniter4-70d881c\app\Controllers\ProductController.php(20): CodeIgniter\BaseModel->findAll()
#5 C:\xampp\htdocs\PertemuanCI\codeigniter4-CodeIgniter4-70d881c\system\CodeIgniter.php(825): App\Controllers\ProductController->index()
#6 C:\xampp\htdocs\PertemuanCI\codeigniter4-CodeIgniter4-70d881c\system\CodeIgniter.php(412): CodeIgniter\CodeIgniter->runController(Object(App\Controllers\ProductController))
#7 C:\xampp\htdocs\PertemuanCI\codeigniter4-CodeIgniter4-70d881c\system\CodeIgniter.php(320): CodeIgniter\CodeIgniter->handleRequest(NULL, Object(Config\Cache), false)
#8 C:\xampp\htdocs\PertemuanCI\codeigniter4-CodeIgniter4-70d881c\public\index.php(37): CodeIgniter\CodeIgniter->run()
#9 C:\xampp\htdocs\PertemuanCI\codeigniter4-CodeIgniter4-70d881c\system\Commands\Server\rewrite.php(43): require_once('C:\\xampp\\htdocs...')
#10 {main}
ERROR - 2022-03-25 03:58:07 --> Error connecting to the database: No connection could be made because the target machine actively refused it
CRITICAL - 2022-03-25 03:58:07 --> Unable to connect to the database.
Main connection [MySQLi]: No connection could be made because the target machine actively refused it
#0 C:\xampp\htdocs\PertemuanCI\codeigniter4-CodeIgniter4-70d881c\system\Database\BaseConnection.php(577): CodeIgniter\Database\BaseConnection->initialize()
#1 C:\xampp\htdocs\PertemuanCI\codeigniter4-CodeIgniter4-70d881c\system\Database\BaseBuilder.php(1455): CodeIgniter\Database\BaseConnection->query('SELECT *\nFROM `...', Array, false)
#2 C:\xampp\htdocs\PertemuanCI\codeigniter4-CodeIgniter4-70d881c\system\Model.php(183): CodeIgniter\Database\BaseBuilder->get()
#3 C:\xampp\htdocs\PertemuanCI\codeigniter4-CodeIgniter4-70d881c\system\BaseModel.php(584): CodeIgniter\Model->doFindAll(0, 0)
#4 C:\xampp\htdocs\PertemuanCI\codeigniter4-CodeIgniter4-70d881c\app\Controllers\ProductController.php(20): CodeIgniter\BaseModel->findAll()
#5 C:\xampp\htdocs\PertemuanCI\codeigniter4-CodeIgniter4-70d881c\system\CodeIgniter.php(825): App\Controllers\ProductController->index()
#6 C:\xampp\htdocs\PertemuanCI\codeigniter4-CodeIgniter4-70d881c\system\CodeIgniter.php(412): CodeIgniter\CodeIgniter->runController(Object(App\Controllers\ProductController))
#7 C:\xampp\htdocs\PertemuanCI\codeigniter4-CodeIgniter4-70d881c\system\CodeIgniter.php(320): CodeIgniter\CodeIgniter->handleRequest(NULL, Object(Config\Cache), false)
#8 C:\xampp\htdocs\PertemuanCI\codeigniter4-CodeIgniter4-70d881c\public\index.php(37): CodeIgniter\CodeIgniter->run()
#9 C:\xampp\htdocs\PertemuanCI\codeigniter4-CodeIgniter4-70d881c\system\Commands\Server\rewrite.php(43): require_once('C:\\xampp\\htdocs...')
#10 {main}
ERROR - 2022-03-25 03:58:11 --> Error connecting to the database: No connection could be made because the target machine actively refused it
CRITICAL - 2022-03-25 03:58:11 --> Unable to connect to the database.
Main connection [MySQLi]: No connection could be made because the target machine actively refused it
#0 C:\xampp\htdocs\PertemuanCI\codeigniter4-CodeIgniter4-70d881c\system\Database\BaseConnection.php(577): CodeIgniter\Database\BaseConnection->initialize()
#1 C:\xampp\htdocs\PertemuanCI\codeigniter4-CodeIgniter4-70d881c\system\Database\BaseBuilder.php(1455): CodeIgniter\Database\BaseConnection->query('SELECT *\nFROM `...', Array, false)
#2 C:\xampp\htdocs\PertemuanCI\codeigniter4-CodeIgniter4-70d881c\system\Model.php(183): CodeIgniter\Database\BaseBuilder->get()
#3 C:\xampp\htdocs\PertemuanCI\codeigniter4-CodeIgniter4-70d881c\system\BaseModel.php(584): CodeIgniter\Model->doFindAll(0, 0)
#4 C:\xampp\htdocs\PertemuanCI\codeigniter4-CodeIgniter4-70d881c\app\Controllers\ProductController.php(20): CodeIgniter\BaseModel->findAll()
#5 C:\xampp\htdocs\PertemuanCI\codeigniter4-CodeIgniter4-70d881c\system\CodeIgniter.php(825): App\Controllers\ProductController->index()
#6 C:\xampp\htdocs\PertemuanCI\codeigniter4-CodeIgniter4-70d881c\system\CodeIgniter.php(412): CodeIgniter\CodeIgniter->runController(Object(App\Controllers\ProductController))
#7 C:\xampp\htdocs\PertemuanCI\codeigniter4-CodeIgniter4-70d881c\system\CodeIgniter.php(320): CodeIgniter\CodeIgniter->handleRequest(NULL, Object(Config\Cache), false)
#8 C:\xampp\htdocs\PertemuanCI\codeigniter4-CodeIgniter4-70d881c\public\index.php(37): CodeIgniter\CodeIgniter->run()
#9 C:\xampp\htdocs\PertemuanCI\codeigniter4-CodeIgniter4-70d881c\system\Commands\Server\rewrite.php(43): require_once('C:\\xampp\\htdocs...')
#10 {main}
ERROR - 2022-03-25 03:58:37 --> Error connecting to the database: No connection could be made because the target machine actively refused it
CRITICAL - 2022-03-25 03:58:37 --> Unable to connect to the database.
Main connection [MySQLi]: No connection could be made because the target machine actively refused it
#0 C:\xampp\htdocs\PertemuanCI\codeigniter4-CodeIgniter4-70d881c\system\Database\BaseConnection.php(577): CodeIgniter\Database\BaseConnection->initialize()
#1 C:\xampp\htdocs\PertemuanCI\codeigniter4-CodeIgniter4-70d881c\system\Database\BaseBuilder.php(1771): CodeIgniter\Database\BaseConnection->query('INSERT INTO `pr...', Array, false)
#2 C:\xampp\htdocs\PertemuanCI\codeigniter4-CodeIgniter4-70d881c\system\Model.php(239): CodeIgniter\Database\BaseBuilder->insert()
#3 C:\xampp\htdocs\PertemuanCI\codeigniter4-CodeIgniter4-70d881c\system\BaseModel.php(738): CodeIgniter\Model->doInsert(Array)
#4 C:\xampp\htdocs\PertemuanCI\codeigniter4-CodeIgniter4-70d881c\system\Model.php(625): CodeIgniter\BaseModel->insert(Array, true)
#5 C:\xampp\htdocs\PertemuanCI\codeigniter4-CodeIgniter4-70d881c\app\Controllers\ProductController.php(48): CodeIgniter\Model->insert(Array)
#6 C:\xampp\htdocs\PertemuanCI\codeigniter4-CodeIgniter4-70d881c\system\CodeIgniter.php(825): App\Controllers\ProductController->store()
#7 C:\xampp\htdocs\PertemuanCI\codeigniter4-CodeIgniter4-70d881c\system\CodeIgniter.php(412): CodeIgniter\CodeIgniter->runController(Object(App\Controllers\ProductController))
#8 C:\xampp\htdocs\PertemuanCI\codeigniter4-CodeIgniter4-70d881c\system\CodeIgniter.php(320): CodeIgniter\CodeIgniter->handleRequest(NULL, Object(Config\Cache), false)
#9 C:\xampp\htdocs\PertemuanCI\codeigniter4-CodeIgniter4-70d881c\public\index.php(37): CodeIgniter\CodeIgniter->run()
#10 C:\xampp\htdocs\PertemuanCI\codeigniter4-CodeIgniter4-70d881c\system\Commands\Server\rewrite.php(43): require_once('C:\\xampp\\htdocs...')
#11 {main}
ERROR - 2022-03-25 04:02:12 --> Error connecting to the database: No connection could be made because the target machine actively refused it
CRITICAL - 2022-03-25 04:02:12 --> Unable to connect to the database.
Main connection [MySQLi]: No connection could be made because the target machine actively refused it
#0 C:\xampp\htdocs\PertemuanCI\codeigniter4-CodeIgniter4-70d881c\system\Database\BaseConnection.php(577): CodeIgniter\Database\BaseConnection->initialize()
#1 C:\xampp\htdocs\PertemuanCI\codeigniter4-CodeIgniter4-70d881c\system\Database\BaseBuilder.php(1455): CodeIgniter\Database\BaseConnection->query('SELECT *\nFROM `...', Array, false)
#2 C:\xampp\htdocs\PertemuanCI\codeigniter4-CodeIgniter4-70d881c\system\Model.php(183): CodeIgniter\Database\BaseBuilder->get()
#3 C:\xampp\htdocs\PertemuanCI\codeigniter4-CodeIgniter4-70d881c\system\BaseModel.php(584): CodeIgniter\Model->doFindAll(0, 0)
#4 C:\xampp\htdocs\PertemuanCI\codeigniter4-CodeIgniter4-70d881c\app\Controllers\ProductController.php(20): CodeIgniter\BaseModel->findAll()
#5 C:\xampp\htdocs\PertemuanCI\codeigniter4-CodeIgniter4-70d881c\system\CodeIgniter.php(825): App\Controllers\ProductController->index()
#6 C:\xampp\htdocs\PertemuanCI\codeigniter4-CodeIgniter4-70d881c\system\CodeIgniter.php(412): CodeIgniter\CodeIgniter->runController(Object(App\Controllers\ProductController))
#7 C:\xampp\htdocs\PertemuanCI\codeigniter4-CodeIgniter4-70d881c\system\CodeIgniter.php(320): CodeIgniter\CodeIgniter->handleRequest(NULL, Object(Config\Cache), false)
#8 C:\xampp\htdocs\PertemuanCI\codeigniter4-CodeIgniter4-70d881c\public\index.php(37): CodeIgniter\CodeIgniter->run()
#9 C:\xampp\htdocs\PertemuanCI\codeigniter4-CodeIgniter4-70d881c\system\Commands\Server\rewrite.php(43): require_once('C:\\xampp\\htdocs...')
#10 {main}
ERROR - 2022-03-25 04:02:47 --> Error connecting to the database: No connection could be made because the target machine actively refused it
CRITICAL - 2022-03-25 04:02:47 --> Unable to connect to the database.
Main connection [MySQLi]: No connection could be made because the target machine actively refused it
#0 C:\xampp\htdocs\PertemuanCI\codeigniter4-CodeIgniter4-70d881c\system\Database\BaseConnection.php(577): CodeIgniter\Database\BaseConnection->initialize()
#1 C:\xampp\htdocs\PertemuanCI\codeigniter4-CodeIgniter4-70d881c\system\Database\BaseBuilder.php(1455): CodeIgniter\Database\BaseConnection->query('SELECT *\nFROM `...', Array, false)
#2 C:\xampp\htdocs\PertemuanCI\codeigniter4-CodeIgniter4-70d881c\system\Model.php(183): CodeIgniter\Database\BaseBuilder->get()
#3 C:\xampp\htdocs\PertemuanCI\codeigniter4-CodeIgniter4-70d881c\system\BaseModel.php(584): CodeIgniter\Model->doFindAll(0, 0)
#4 C:\xampp\htdocs\PertemuanCI\codeigniter4-CodeIgniter4-70d881c\app\Controllers\ProductController.php(20): CodeIgniter\BaseModel->findAll()
#5 C:\xampp\htdocs\PertemuanCI\codeigniter4-CodeIgniter4-70d881c\system\CodeIgniter.php(825): App\Controllers\ProductController->index()
#6 C:\xampp\htdocs\PertemuanCI\codeigniter4-CodeIgniter4-70d881c\system\CodeIgniter.php(412): CodeIgniter\CodeIgniter->runController(Object(App\Controllers\ProductController))
#7 C:\xampp\htdocs\PertemuanCI\codeigniter4-CodeIgniter4-70d881c\system\CodeIgniter.php(320): CodeIgniter\CodeIgniter->handleRequest(NULL, Object(Config\Cache), false)
#8 C:\xampp\htdocs\PertemuanCI\codeigniter4-CodeIgniter4-70d881c\public\index.php(37): CodeIgniter\CodeIgniter->run()
#9 C:\xampp\htdocs\PertemuanCI\codeigniter4-CodeIgniter4-70d881c\system\Commands\Server\rewrite.php(43): require_once('C:\\xampp\\htdocs...')
#10 {main}
ERROR - 2022-03-25 04:05:13 --> Error connecting to the database: No connection could be made because the target machine actively refused it
CRITICAL - 2022-03-25 04:05:13 --> Unable to connect to the database.
Main connection [MySQLi]: No connection could be made because the target machine actively refused it
#0 C:\xampp\htdocs\PertemuanCI\codeigniter4-CodeIgniter4-70d881c\system\Database\BaseConnection.php(577): CodeIgniter\Database\BaseConnection->initialize()
#1 C:\xampp\htdocs\PertemuanCI\codeigniter4-CodeIgniter4-70d881c\system\Database\BaseBuilder.php(1455): CodeIgniter\Database\BaseConnection->query('SELECT *\nFROM `...', Array, false)
#2 C:\xampp\htdocs\PertemuanCI\codeigniter4-CodeIgniter4-70d881c\system\Model.php(183): CodeIgniter\Database\BaseBuilder->get()
#3 C:\xampp\htdocs\PertemuanCI\codeigniter4-CodeIgniter4-70d881c\system\BaseModel.php(584): CodeIgniter\Model->doFindAll(0, 0)
#4 C:\xampp\htdocs\PertemuanCI\codeigniter4-CodeIgniter4-70d881c\app\Controllers\ProductController.php(20): CodeIgniter\BaseModel->findAll()
#5 C:\xampp\htdocs\PertemuanCI\codeigniter4-CodeIgniter4-70d881c\system\CodeIgniter.php(825): App\Controllers\ProductController->index()
#6 C:\xampp\htdocs\PertemuanCI\codeigniter4-CodeIgniter4-70d881c\system\CodeIgniter.php(412): CodeIgniter\CodeIgniter->runController(Object(App\Controllers\ProductController))
#7 C:\xampp\htdocs\PertemuanCI\codeigniter4-CodeIgniter4-70d881c\system\CodeIgniter.php(320): CodeIgniter\CodeIgniter->handleRequest(NULL, Object(Config\Cache), false)
#8 C:\xampp\htdocs\PertemuanCI\codeigniter4-CodeIgniter4-70d881c\public\index.php(37): CodeIgniter\CodeIgniter->run()
#9 C:\xampp\htdocs\PertemuanCI\codeigniter4-CodeIgniter4-70d881c\system\Commands\Server\rewrite.php(43): require_once('C:\\xampp\\htdocs...')
#10 {main}
ERROR - 2022-03-25 04:07:21 --> Error connecting to the database: No connection could be made because the target machine actively refused it
CRITICAL - 2022-03-25 04:07:21 --> Unable to connect to the database.
Main connection [MySQLi]: No connection could be made because the target machine actively refused it
#0 C:\xampp\htdocs\PertemuanCI\codeigniter4-CodeIgniter4-70d881c\system\Database\BaseConnection.php(577): CodeIgniter\Database\BaseConnection->initialize()
#1 C:\xampp\htdocs\PertemuanCI\codeigniter4-CodeIgniter4-70d881c\system\Database\BaseBuilder.php(1455): CodeIgniter\Database\BaseConnection->query('SELECT *\nFROM `...', Array, false)
#2 C:\xampp\htdocs\PertemuanCI\codeigniter4-CodeIgniter4-70d881c\system\Model.php(183): CodeIgniter\Database\BaseBuilder->get()
#3 C:\xampp\htdocs\PertemuanCI\codeigniter4-CodeIgniter4-70d881c\system\BaseModel.php(584): CodeIgniter\Model->doFindAll(0, 0)
#4 C:\xampp\htdocs\PertemuanCI\codeigniter4-CodeIgniter4-70d881c\app\Controllers\ProductController.php(20): CodeIgniter\BaseModel->findAll()
#5 C:\xampp\htdocs\PertemuanCI\codeigniter4-CodeIgniter4-70d881c\system\CodeIgniter.php(825): App\Controllers\ProductController->index()
#6 C:\xampp\htdocs\PertemuanCI\codeigniter4-CodeIgniter4-70d881c\system\CodeIgniter.php(412): CodeIgniter\CodeIgniter->runController(Object(App\Controllers\ProductController))
#7 C:\xampp\htdocs\PertemuanCI\codeigniter4-CodeIgniter4-70d881c\system\CodeIgniter.php(320): CodeIgniter\CodeIgniter->handleRequest(NULL, Object(Config\Cache), false)
#8 C:\xampp\htdocs\PertemuanCI\codeigniter4-CodeIgniter4-70d881c\public\index.php(37): CodeIgniter\CodeIgniter->run()
#9 C:\xampp\htdocs\PertemuanCI\codeigniter4-CodeIgniter4-70d881c\system\Commands\Server\rewrite.php(43): require_once('C:\\xampp\\htdocs...')
#10 {main}
ERROR - 2022-03-25 04:13:27 --> Error connecting to the database: No connection could be made because the target machine actively refused it
CRITICAL - 2022-03-25 04:13:27 --> Unable to connect to the database.
Main connection [MySQLi]: No connection could be made because the target machine actively refused it
#0 C:\xampp\htdocs\PertemuanCI\codeigniter4-CodeIgniter4-70d881c\system\Database\BaseConnection.php(577): CodeIgniter\Database\BaseConnection->initialize()
#1 C:\xampp\htdocs\PertemuanCI\codeigniter4-CodeIgniter4-70d881c\system\Database\BaseBuilder.php(1455): CodeIgniter\Database\BaseConnection->query('SELECT *\nFROM `...', Array, false)
#2 C:\xampp\htdocs\PertemuanCI\codeigniter4-CodeIgniter4-70d881c\system\Model.php(183): CodeIgniter\Database\BaseBuilder->get()
#3 C:\xampp\htdocs\PertemuanCI\codeigniter4-CodeIgniter4-70d881c\system\BaseModel.php(584): CodeIgniter\Model->doFindAll(0, 0)
#4 C:\xampp\htdocs\PertemuanCI\codeigniter4-CodeIgniter4-70d881c\app\Controllers\ProductController.php(20): CodeIgniter\BaseModel->findAll()
#5 C:\xampp\htdocs\PertemuanCI\codeigniter4-CodeIgniter4-70d881c\system\CodeIgniter.php(825): App\Controllers\ProductController->index()
#6 C:\xampp\htdocs\PertemuanCI\codeigniter4-CodeIgniter4-70d881c\system\CodeIgniter.php(412): CodeIgniter\CodeIgniter->runController(Object(App\Controllers\ProductController))
#7 C:\xampp\htdocs\PertemuanCI\codeigniter4-CodeIgniter4-70d881c\system\CodeIgniter.php(320): CodeIgniter\CodeIgniter->handleRequest(NULL, Object(Config\Cache), false)
#8 C:\xampp\htdocs\PertemuanCI\codeigniter4-CodeIgniter4-70d881c\public\index.php(37): CodeIgniter\CodeIgniter->run()
#9 C:\xampp\htdocs\PertemuanCI\codeigniter4-CodeIgniter4-70d881c\system\Commands\Server\rewrite.php(43): require_once('C:\\xampp\\htdocs...')
#10 {main}
ERROR - 2022-03-25 04:16:43 --> Error connecting to the database: No connection could be made because the target machine actively refused it
CRITICAL - 2022-03-25 04:16:43 --> Unable to connect to the database.
Main connection [MySQLi]: No connection could be made because the target machine actively refused it
#0 C:\xampp\htdocs\PertemuanCI\codeigniter4-CodeIgniter4-70d881c\system\Database\BaseConnection.php(577): CodeIgniter\Database\BaseConnection->initialize()
#1 C:\xampp\htdocs\PertemuanCI\codeigniter4-CodeIgniter4-70d881c\system\Database\BaseBuilder.php(1455): CodeIgniter\Database\BaseConnection->query('SELECT *\nFROM `...', Array, false)
#2 C:\xampp\htdocs\PertemuanCI\codeigniter4-CodeIgniter4-70d881c\system\Model.php(183): CodeIgniter\Database\BaseBuilder->get()
#3 C:\xampp\htdocs\PertemuanCI\codeigniter4-CodeIgniter4-70d881c\system\BaseModel.php(584): CodeIgniter\Model->doFindAll(0, 0)
#4 C:\xampp\htdocs\PertemuanCI\codeigniter4-CodeIgniter4-70d881c\app\Controllers\ProductController.php(20): CodeIgniter\BaseModel->findAll()
#5 C:\xampp\htdocs\PertemuanCI\codeigniter4-CodeIgniter4-70d881c\system\CodeIgniter.php(825): App\Controllers\ProductController->index()
#6 C:\xampp\htdocs\PertemuanCI\codeigniter4-CodeIgniter4-70d881c\system\CodeIgniter.php(412): CodeIgniter\CodeIgniter->runController(Object(App\Controllers\ProductController))
#7 C:\xampp\htdocs\PertemuanCI\codeigniter4-CodeIgniter4-70d881c\system\CodeIgniter.php(320): CodeIgniter\CodeIgniter->handleRequest(NULL, Object(Config\Cache), false)
#8 C:\xampp\htdocs\PertemuanCI\codeigniter4-CodeIgniter4-70d881c\public\index.php(37): CodeIgniter\CodeIgniter->run()
#9 C:\xampp\htdocs\PertemuanCI\codeigniter4-CodeIgniter4-70d881c\system\Commands\Server\rewrite.php(43): require_once('C:\\xampp\\htdocs...')
#10 {main}
ERROR - 2022-03-25 04:18:20 --> Error connecting to the database: No connection could be made because the target machine actively refused it
CRITICAL - 2022-03-25 04:18:20 --> Unable to connect to the database.
Main connection [MySQLi]: No connection could be made because the target machine actively refused it
#0 C:\xampp\htdocs\PertemuanCI\codeigniter4-CodeIgniter4-70d881c\system\Database\BaseConnection.php(577): CodeIgniter\Database\BaseConnection->initialize()
#1 C:\xampp\htdocs\PertemuanCI\codeigniter4-CodeIgniter4-70d881c\system\Database\BaseBuilder.php(1455): CodeIgniter\Database\BaseConnection->query('SELECT *\nFROM `...', Array, false)
#2 C:\xampp\htdocs\PertemuanCI\codeigniter4-CodeIgniter4-70d881c\system\Model.php(183): CodeIgniter\Database\BaseBuilder->get()
#3 C:\xampp\htdocs\PertemuanCI\codeigniter4-CodeIgniter4-70d881c\system\BaseModel.php(584): CodeIgniter\Model->doFindAll(0, 0)
#4 C:\xampp\htdocs\PertemuanCI\codeigniter4-CodeIgniter4-70d881c\app\Controllers\ProductController.php(20): CodeIgniter\BaseModel->findAll()
#5 C:\xampp\htdocs\PertemuanCI\codeigniter4-CodeIgniter4-70d881c\system\CodeIgniter.php(825): App\Controllers\ProductController->index()
#6 C:\xampp\htdocs\PertemuanCI\codeigniter4-CodeIgniter4-70d881c\system\CodeIgniter.php(412): CodeIgniter\CodeIgniter->runController(Object(App\Controllers\ProductController))
#7 C:\xampp\htdocs\PertemuanCI\codeigniter4-CodeIgniter4-70d881c\system\CodeIgniter.php(320): CodeIgniter\CodeIgniter->handleRequest(NULL, Object(Config\Cache), false)
#8 C:\xampp\htdocs\PertemuanCI\codeigniter4-CodeIgniter4-70d881c\public\index.php(37): CodeIgniter\CodeIgniter->run()
#9 C:\xampp\htdocs\PertemuanCI\codeigniter4-CodeIgniter4-70d881c\system\Commands\Server\rewrite.php(43): require_once('C:\\xampp\\htdocs...')
#10 {main}
ERROR - 2022-03-25 04:19:25 --> Error connecting to the database: No connection could be made because the target machine actively refused it
CRITICAL - 2022-03-25 04:19:25 --> Unable to connect to the database.
Main connection [MySQLi]: No connection could be made because the target machine actively refused it
#0 C:\xampp\htdocs\PertemuanCI\codeigniter4-CodeIgniter4-70d881c\system\Database\BaseConnection.php(577): CodeIgniter\Database\BaseConnection->initialize()
#1 C:\xampp\htdocs\PertemuanCI\codeigniter4-CodeIgniter4-70d881c\system\Database\BaseBuilder.php(1455): CodeIgniter\Database\BaseConnection->query('SELECT *\nFROM `...', Array, false)
#2 C:\xampp\htdocs\PertemuanCI\codeigniter4-CodeIgniter4-70d881c\system\Model.php(183): CodeIgniter\Database\BaseBuilder->get()
#3 C:\xampp\htdocs\PertemuanCI\codeigniter4-CodeIgniter4-70d881c\system\BaseModel.php(584): CodeIgniter\Model->doFindAll(0, 0)
#4 C:\xampp\htdocs\PertemuanCI\codeigniter4-CodeIgniter4-70d881c\app\Controllers\ProductController.php(20): CodeIgniter\BaseModel->findAll()
#5 C:\xampp\htdocs\PertemuanCI\codeigniter4-CodeIgniter4-70d881c\system\CodeIgniter.php(825): App\Controllers\ProductController->index()
#6 C:\xampp\htdocs\PertemuanCI\codeigniter4-CodeIgniter4-70d881c\system\CodeIgniter.php(412): CodeIgniter\CodeIgniter->runController(Object(App\Controllers\ProductController))
#7 C:\xampp\htdocs\PertemuanCI\codeigniter4-CodeIgniter4-70d881c\system\CodeIgniter.php(320): CodeIgniter\CodeIgniter->handleRequest(NULL, Object(Config\Cache), false)
#8 C:\xampp\htdocs\PertemuanCI\codeigniter4-CodeIgniter4-70d881c\public\index.php(37): CodeIgniter\CodeIgniter->run()
#9 C:\xampp\htdocs\PertemuanCI\codeigniter4-CodeIgniter4-70d881c\system\Commands\Server\rewrite.php(43): require_once('C:\\xampp\\htdocs...')
#10 {main}
ERROR - 2022-03-25 04:19:34 --> Error connecting to the database: No connection could be made because the target machine actively refused it
CRITICAL - 2022-03-25 04:19:34 --> Unable to connect to the database.
Main connection [MySQLi]: No connection could be made because the target machine actively refused it
#0 C:\xampp\htdocs\PertemuanCI\codeigniter4-CodeIgniter4-70d881c\system\Database\BaseConnection.php(577): CodeIgniter\Database\BaseConnection->initialize()
#1 C:\xampp\htdocs\PertemuanCI\codeigniter4-CodeIgniter4-70d881c\system\Database\BaseBuilder.php(1455): CodeIgniter\Database\BaseConnection->query('SELECT *\nFROM `...', Array, false)
#2 C:\xampp\htdocs\PertemuanCI\codeigniter4-CodeIgniter4-70d881c\system\Model.php(183): CodeIgniter\Database\BaseBuilder->get()
#3 C:\xampp\htdocs\PertemuanCI\codeigniter4-CodeIgniter4-70d881c\system\BaseModel.php(584): CodeIgniter\Model->doFindAll(0, 0)
#4 C:\xampp\htdocs\PertemuanCI\codeigniter4-CodeIgniter4-70d881c\app\Controllers\ProductController.php(20): CodeIgniter\BaseModel->findAll()
#5 C:\xampp\htdocs\PertemuanCI\codeigniter4-CodeIgniter4-70d881c\system\CodeIgniter.php(825): App\Controllers\ProductController->index()
#6 C:\xampp\htdocs\PertemuanCI\codeigniter4-CodeIgniter4-70d881c\system\CodeIgniter.php(412): CodeIgniter\CodeIgniter->runController(Object(App\Controllers\ProductController))
#7 C:\xampp\htdocs\PertemuanCI\codeigniter4-CodeIgniter4-70d881c\system\CodeIgniter.php(320): CodeIgniter\CodeIgniter->handleRequest(NULL, Object(Config\Cache), false)
#8 C:\xampp\htdocs\PertemuanCI\codeigniter4-CodeIgniter4-70d881c\public\index.php(37): CodeIgniter\CodeIgniter->run()
#9 C:\xampp\htdocs\PertemuanCI\codeigniter4-CodeIgniter4-70d881c\system\Commands\Server\rewrite.php(43): require_once('C:\\xampp\\htdocs...')
#10 {main}
ERROR - 2022-03-25 04:21:50 --> Error connecting to the database: No connection could be made because the target machine actively refused it
CRITICAL - 2022-03-25 04:21:50 --> Unable to connect to the database.
Main connection [MySQLi]: No connection could be made because the target machine actively refused it
#0 C:\xampp\htdocs\PertemuanCI\codeigniter4-CodeIgniter4-70d881c\system\Database\BaseConnection.php(577): CodeIgniter\Database\BaseConnection->initialize()
#1 C:\xampp\htdocs\PertemuanCI\codeigniter4-CodeIgniter4-70d881c\system\Database\BaseBuilder.php(1455): CodeIgniter\Database\BaseConnection->query('SELECT *\nFROM `...', Array, false)
#2 C:\xampp\htdocs\PertemuanCI\codeigniter4-CodeIgniter4-70d881c\system\Model.php(183): CodeIgniter\Database\BaseBuilder->get()
#3 C:\xampp\htdocs\PertemuanCI\codeigniter4-CodeIgniter4-70d881c\system\BaseModel.php(584): CodeIgniter\Model->doFindAll(0, 0)
#4 C:\xampp\htdocs\PertemuanCI\codeigniter4-CodeIgniter4-70d881c\app\Controllers\ProductController.php(20): CodeIgniter\BaseModel->findAll()
#5 C:\xampp\htdocs\PertemuanCI\codeigniter4-CodeIgniter4-70d881c\system\CodeIgniter.php(825): App\Controllers\ProductController->index()
#6 C:\xampp\htdocs\PertemuanCI\codeigniter4-CodeIgniter4-70d881c\system\CodeIgniter.php(412): CodeIgniter\CodeIgniter->runController(Object(App\Controllers\ProductController))
#7 C:\xampp\htdocs\PertemuanCI\codeigniter4-CodeIgniter4-70d881c\system\CodeIgniter.php(320): CodeIgniter\CodeIgniter->handleRequest(NULL, Object(Config\Cache), false)
#8 C:\xampp\htdocs\PertemuanCI\codeigniter4-CodeIgniter4-70d881c\public\index.php(37): CodeIgniter\CodeIgniter->run()
#9 C:\xampp\htdocs\PertemuanCI\codeigniter4-CodeIgniter4-70d881c\system\Commands\Server\rewrite.php(43): require_once('C:\\xampp\\htdocs...')
#10 {main}
CRITICAL - 2022-03-25 07:15:05 --> CodeIgniter\HTTP\RedirectResponse::to(): Argument #2 ($code) must be of type ?int, string given, called in C:\xampp\htdocs\PertemuanCI\codeigniter4-CodeIgniter4-70d881c\app\Controllers\ProductController.php on line 49
#0 C:\xampp\htdocs\PertemuanCI\codeigniter4-CodeIgniter4-70d881c\app\Controllers\ProductController.php(49): CodeIgniter\HTTP\RedirectResponse->to('/product', '/product/create')
#1 C:\xampp\htdocs\PertemuanCI\codeigniter4-CodeIgniter4-70d881c\system\CodeIgniter.php(825): App\Controllers\ProductController->store()
#2 C:\xampp\htdocs\PertemuanCI\codeigniter4-CodeIgniter4-70d881c\system\CodeIgniter.php(412): CodeIgniter\CodeIgniter->runController(Object(App\Controllers\ProductController))
#3 C:\xampp\htdocs\PertemuanCI\codeigniter4-CodeIgniter4-70d881c\system\CodeIgniter.php(320): CodeIgniter\CodeIgniter->handleRequest(NULL, Object(Config\Cache), false)
#4 C:\xampp\htdocs\PertemuanCI\codeigniter4-CodeIgniter4-70d881c\public\index.php(37): CodeIgniter\CodeIgniter->run()
#5 C:\xampp\htdocs\PertemuanCI\codeigniter4-CodeIgniter4-70d881c\system\Commands\Server\rewrite.php(43): require_once('C:\\xampp\\htdocs...')
#6 {main}
