CRITICAL - 2022-03-30 20:05:46 --> syntax error, unexpected token "endif", expecting end of file
#0 C:\xampp\htdocs\PertemuanCI\codeigniter4-CodeIgniter4-70d881c\system\View\View.php(213): CodeIgniter\View\View->CodeIgniter\View\{closure}()
#1 C:\xampp\htdocs\PertemuanCI\codeigniter4-CodeIgniter4-70d881c\system\View\View.php(226): CodeIgniter\View\View->render('layouts/layout', Array, true)
#2 C:\xampp\htdocs\PertemuanCI\codeigniter4-CodeIgniter4-70d881c\system\Common.php(1089): CodeIgniter\View\View->render('product/index', Array, true)
#3 C:\xampp\htdocs\PertemuanCI\codeigniter4-CodeIgniter4-70d881c\app\Controllers\ProductController.php(22): view('product/index', Array)
#4 C:\xampp\htdocs\PertemuanCI\codeigniter4-CodeIgniter4-70d881c\system\CodeIgniter.php(825): App\Controllers\ProductController->index()
#5 C:\xampp\htdocs\PertemuanCI\codeigniter4-CodeIgniter4-70d881c\system\CodeIgniter.php(412): CodeIgniter\CodeIgniter->runController(Object(App\Controllers\ProductController))
#6 C:\xampp\htdocs\PertemuanCI\codeigniter4-CodeIgniter4-70d881c\system\CodeIgniter.php(320): CodeIgniter\CodeIgniter->handleRequest(NULL, Object(Config\Cache), false)
#7 C:\xampp\htdocs\PertemuanCI\codeigniter4-CodeIgniter4-70d881c\public\index.php(37): CodeIgniter\CodeIgniter->run()
#8 C:\xampp\htdocs\PertemuanCI\codeigniter4-CodeIgniter4-70d881c\system\Commands\Server\rewrite.php(43): require_once('C:\\xampp\\htdocs...')
#9 {main}
CRITICAL - 2022-03-30 20:21:05 --> Invalid file: layout/layout.php
#0 C:\xampp\htdocs\PertemuanCI\codeigniter4-CodeIgniter4-70d881c\system\View\View.php(198): CodeIgniter\Exceptions\FrameworkException::forInvalidFile('layout/layout.p...')
#1 C:\xampp\htdocs\PertemuanCI\codeigniter4-CodeIgniter4-70d881c\system\View\View.php(226): CodeIgniter\View\View->render('layout/layout', Array, true)
#2 C:\xampp\htdocs\PertemuanCI\codeigniter4-CodeIgniter4-70d881c\system\Common.php(1089): CodeIgniter\View\View->render('product/create', Array, true)
#3 C:\xampp\htdocs\PertemuanCI\codeigniter4-CodeIgniter4-70d881c\app\Controllers\ProductController.php(31): view('product/create', Array)
#4 C:\xampp\htdocs\PertemuanCI\codeigniter4-CodeIgniter4-70d881c\system\CodeIgniter.php(825): App\Controllers\ProductController->create()
#5 C:\xampp\htdocs\PertemuanCI\codeigniter4-CodeIgniter4-70d881c\system\CodeIgniter.php(412): CodeIgniter\CodeIgniter->runController(Object(App\Controllers\ProductController))
#6 C:\xampp\htdocs\PertemuanCI\codeigniter4-CodeIgniter4-70d881c\system\CodeIgniter.php(320): CodeIgniter\CodeIgniter->handleRequest(NULL, Object(Config\Cache), false)
#7 C:\xampp\htdocs\PertemuanCI\codeigniter4-CodeIgniter4-70d881c\public\index.php(37): CodeIgniter\CodeIgniter->run()
#8 C:\xampp\htdocs\PertemuanCI\codeigniter4-CodeIgniter4-70d881c\system\Commands\Server\rewrite.php(43): require_once('C:\\xampp\\htdocs...')
#9 {main}
